[1.447s] Invoking command in '/home/ayaa/Agro2/build/tiago_behavior_tree': CMAKE_PREFIX_PATH=/home/ayaa/Agro2/install/ur5_moveit:/home/ayaa/Agro2/install/ur_description:/home/ayaa/Agro2/install/tiago_simulation:/home/ayaa/Agro2/install/tiago_robot:/home/ayaa/Agro2/install/tiago_gazebo:/home/ayaa/Agro2/install/tiago_bringup:/home/ayaa/Agro2/install/tiago_description:/home/ayaa/Agro2/install/tiago_cpp:/home/ayaa/Agro2/install/tiago_controller_configuration:/home/ayaa/Agro2/install/tiago_behavior_tree:/home/ayaa/Agro2/install/fer_moveit:/home/ayaa/Agro2/install/tiago_custom:/home/ayaa/Agro2/install/my_nav2_bringup:/home/ayaa/Agro2/install/fer_gazebo:/home/ayaa/Agro2/install/custom_worlds:/opt/ros/humble:/home/ayaa/Agro2/install/franka_description:/home/ayaa/Agro2/install/fer_cpp_moveit /usr/bin/cmake --build /home/ayaa/Agro2/build/tiago_behavior_tree -- -j8 -l8
[1.503s] [35m[1mConsolidate compiler generated dependencies of target pick_action_node[0m
[1.533s] [ 50%] [32mBuilding CXX object CMakeFiles/pick_action_node.dir/src/pick_action.cpp.o[0m
[7.582s] [01m[K/home/ayaa/Agro2/src/tiago_behavior_tree/src/pick_action.cpp:9:1:[m[K [01;31m[Kerror: [m[Kredefinition of â€˜[01m[KPickObject::PickObject(const string&)[m[Kâ€™
[7.582s]     9 | [01;31m[KPickObject[m[K::PickObject(const std::string& name) : ActionNode(name)
[7.582s]       | [01;31m[K^~~~~~~~~~[m[K
[7.582s] In file included from [01m[K/home/ayaa/Agro2/src/tiago_behavior_tree/src/pick_action.cpp:2[m[K:
[7.583s] [01m[K/home/ayaa/Agro2/src/tiago_behavior_tree/src/pick_action.hpp:15:3:[m[K [01;36m[Knote: [m[Kâ€˜[01m[KPickObject::PickObject(const string&)[m[Kâ€™ previously defined here
[7.583s]    15 |   [01;36m[KPickObject[m[K(const std::string& name) :
[7.583s]       |   [01;36m[K^~~~~~~~~~[m[K
[7.583s] [01m[K/home/ayaa/Agro2/src/tiago_behavior_tree/src/pick_action.cpp:16:25:[m[K [01;31m[Kerror: [m[Kdefinition of implicitly-declared â€˜[01m[Kvirtual PickObject::~PickObject()[m[Kâ€™
[7.583s]    16 | PickObject::~PickObject([01;31m[K)[m[K
[7.583s]       |                         [01;31m[K^[m[K
[7.584s] [01m[K/home/ayaa/Agro2/src/tiago_behavior_tree/src/pick_action.cpp:21:1:[m[K [01;31m[Kerror: [m[Kâ€˜[01m[Kbt[m[Kâ€™ does not name a type
[7.584s]    21 | [01;31m[Kbt[m[K::NodeStatus PickObject::tick()
[7.584s]       | [01;31m[K^~[m[K
[7.590s] [01m[K/home/ayaa/Agro2/src/tiago_behavior_tree/src/pick_action.cpp:[m[K In member function â€˜[01m[Kbool PickObject::pick_object()[m[Kâ€™:
[7.590s] [01m[K/home/ayaa/Agro2/src/tiago_behavior_tree/src/pick_action.cpp:42:38:[m[K [01;31m[Kerror: [m[Kâ€˜[01m[Knode[m[Kâ€™ was not declared in this scope; did you mean â€˜[01m[Knode_[m[Kâ€™?
[7.590s]    42 | GroupInterface gripper_group([01;31m[Knode[m[K, "gripper");
[7.590s]       |                              [01;31m[K^~~~[m[K
[7.590s]       |                              [32m[Knode_[m[K
[7.596s] [01m[K/home/ayaa/Agro2/src/tiago_behavior_tree/src/pick_action.cpp:46:38:[m[K [01;31m[Kerror: [m[Kcannot convert â€˜[01m[Kmoveit::core::MoveItErrorCode[m[Kâ€™ to â€˜[01m[Kbool[m[Kâ€™ in initialization
[7.596s]    46 |     bool success = [01;31m[Kgripper_group.move()[m[K;
[7.596s]       |                    [01;31m[K~~~~~~~~~~~~~~~~~~^~[m[K
[7.596s]       |                                      [01;31m[K|[m[K
[7.596s]       |                                      [01;31m[Kmoveit::core::MoveItErrorCode[m[K
[7.596s] [01m[K/home/ayaa/Agro2/src/tiago_behavior_tree/src/pick_action.cpp:46:10:[m[K [01;35m[Kwarning: [m[Kunused variable â€˜[01m[Ksuccess[m[Kâ€™ [[01;35m[K]8;;https://gcc.gnu.org/onlinedocs/gcc/Warning-Options.html#index-Wunused-variable-Wunused-variable]8;;[m[K]
[7.596s]    46 |     bool [01;35m[Ksuccess[m[K = gripper_group.move();
[7.597s]       |          [01;35m[K^~~~~~~[m[K
[10.409s] gmake[2]: *** [CMakeFiles/pick_action_node.dir/build.make:76: CMakeFiles/pick_action_node.dir/src/pick_action.cpp.o] Error 1
[10.409s] gmake[1]: *** [CMakeFiles/Makefile2:137: CMakeFiles/pick_action_node.dir/all] Error 2
[10.410s] gmake: *** [Makefile:146: all] Error 2
[10.412s] Invoked command in '/home/ayaa/Agro2/build/tiago_behavior_tree' returned '2': CMAKE_PREFIX_PATH=/home/ayaa/Agro2/install/ur5_moveit:/home/ayaa/Agro2/install/ur_description:/home/ayaa/Agro2/install/tiago_simulation:/home/ayaa/Agro2/install/tiago_robot:/home/ayaa/Agro2/install/tiago_gazebo:/home/ayaa/Agro2/install/tiago_bringup:/home/ayaa/Agro2/install/tiago_description:/home/ayaa/Agro2/install/tiago_cpp:/home/ayaa/Agro2/install/tiago_controller_configuration:/home/ayaa/Agro2/install/tiago_behavior_tree:/home/ayaa/Agro2/install/fer_moveit:/home/ayaa/Agro2/install/tiago_custom:/home/ayaa/Agro2/install/my_nav2_bringup:/home/ayaa/Agro2/install/fer_gazebo:/home/ayaa/Agro2/install/custom_worlds:/opt/ros/humble:/home/ayaa/Agro2/install/franka_description:/home/ayaa/Agro2/install/fer_cpp_moveit /usr/bin/cmake --build /home/ayaa/Agro2/build/tiago_behavior_tree -- -j8 -l8
