-- Found ament_cmake: 1.3.11 (/opt/ros/humble/share/ament_cmake/cmake)
-- Found rclcpp: 16.0.11 (/opt/ros/humble/share/rclcpp/cmake)
-- Found rosidl_generator_c: 3.1.6 (/opt/ros/humble/share/rosidl_generator_c/cmake)
-- Found rosidl_adapter: 3.1.6 (/opt/ros/humble/share/rosidl_adapter/cmake)
-- Found rosidl_generator_cpp: 3.1.6 (/opt/ros/humble/share/rosidl_generator_cpp/cmake)
-- Using all available rosidl_typesupport_c: rosidl_typesupport_fastrtps_c;rosidl_typesupport_introspection_c
-- Using all available rosidl_typesupport_cpp: rosidl_typesupport_fastrtps_cpp;rosidl_typesupport_introspection_cpp
-- Found rmw_implementation_cmake: 6.1.2 (/opt/ros/humble/share/rmw_implementation_cmake/cmake)
-- Found rmw_fastrtps_cpp: 6.2.7 (/opt/ros/humble/share/rmw_fastrtps_cpp/cmake)
-- Using RMW implementation 'rmw_fastrtps_cpp' as default
-- Found moveit_ros_planning_interface: 2.5.8 (/opt/ros/humble/share/moveit_ros_planning_interface/cmake)
-- Found Boost: /usr/lib/x86_64-linux-gnu/cmake/Boost-1.74.0/BoostConfig.cmake (found version "1.74.0") found components: date_time filesystem program_options system thread 
-- Found Boost: /usr/lib/x86_64-linux-gnu/cmake/Boost-1.74.0/BoostConfig.cmake (found version "1.74.0") found components: chrono date_time filesystem iostreams program_options regex serialization system thread 
-- Found parameter_traits: 0.4.0 (/opt/ros/humble/share/parameter_traits/cmake)
-- Found rclcpp_lifecycle: 16.0.11 (/opt/ros/humble/share/rclcpp_lifecycle/cmake)
-- Found Boost: /usr/lib/x86_64-linux-gnu/cmake/Boost-1.74.0/BoostConfig.cmake (found version "1.74.0") found components: filesystem 
-- library: /usr/lib/x86_64-linux-gnu/libcurl.so
-- Ensuring Eigen3 include directory is part of orocos-kdl CMake target
-- Found Boost: /usr/lib/x86_64-linux-gnu/cmake/Boost-1.74.0/BoostConfig.cmake (found version "1.74.0") found components: system filesystem date_time program_options thread chrono 
-- Found Boost: /usr/lib/x86_64-linux-gnu/cmake/Boost-1.74.0/BoostConfig.cmake (found version "1.74.0") found components: thread system filesystem regex date_time program_options 
-- Found Boost: /usr/lib/x86_64-linux-gnu/cmake/Boost-1.74.0/BoostConfig.cmake (found version "1.74.0") found components: system filesystem date_time program_options thread 
-- Found ament_lint_auto: 0.12.11 (/opt/ros/humble/share/ament_lint_auto/cmake)
-- Added test 'cppcheck' to perform static code analysis on C / C++ code
-- Configured cppcheck include dirs: 
-- Configured cppcheck exclude dirs and/or files: 
-- Added test 'lint_cmake' to check CMake code style
-- Added test 'uncrustify' to check C / C++ code style
-- Configured uncrustify additional arguments: 
-- Added test 'xmllint' to check XML markup files
-- Configuring done
-- Generating done
-- Build files have been written to: /home/ayaa/Agro2/build/tiago_behavior_tree
[35m[1mConsolidate compiler generated dependencies of target pick_action_node[0m
[ 50%] [32mBuilding CXX object CMakeFiles/pick_action_node.dir/src/pick_action.cpp.o[0m
In file included from [01m[K/home/ayaa/Agro2/src/tiago_behavior_tree/src/pick_action.cpp:2[m[K:
[01m[K/home/ayaa/Agro2/src/tiago_behavior_tree/src/pick_action.hpp:10:27:[m[K [01;31m[Kerror: [m[Kâ€˜[01m[Kbt[m[Kâ€™ has not been declared
   10 | ckObject : public [01;31m[Kbt[m[K::ActionNode
      |                   [01;31m[K^~[m[K

[01m[K/home/ayaa/Agro2/src/tiago_behavior_tree/src/pick_action.hpp:10:31:[m[K [01;31m[Kerror: [m[Kexpected â€˜[01m[K{[m[Kâ€™ before â€˜[01m[KActionNode[m[Kâ€™
   10 | bject : public bt::[01;31m[KActionNode[m[K
      |                    [01;31m[K^~~~~~~~~~[m[K

[01m[K/home/ayaa/Agro2/src/tiago_behavior_tree/src/pick_action.hpp:12:1:[m[K [01;31m[Kerror: [m[Kexpected primary-expression before â€˜[01m[Kpublic[m[Kâ€™
   12 | [01;31m[Kpublic[m[K:
      | [01;31m[K^~~~~~[m[K
[01m[K/home/ayaa/Agro2/src/tiago_behavior_tree/src/pick_action.hpp:12:1:[m[K [01;31m[Kerror: [m[Kexpected â€˜[01m[K}[m[Kâ€™ before â€˜[01m[Kpublic[m[Kâ€™
[01m[K/home/ayaa/Agro2/src/tiago_behavior_tree/src/pick_action.hpp:11:1:[m[K [01;36m[Knote: [m[Kto match this â€˜[01m[K{[m[Kâ€™
   11 | [01;36m[K{[m[K
      | [01;36m[K^[m[K
[01m[K/home/ayaa/Agro2/src/tiago_behavior_tree/src/pick_action.hpp:14:13:[m[K [01;31m[Kerror: [m[Kdeclaration of â€˜[01m[K~ PickObject[m[Kâ€™ as non-member
   14 |     virtual [01;31m[K~PickObject[m[K();
      |             [01;31m[K^~~~~~~~~~~[m[K
[01m[K/home/ayaa/Agro2/src/tiago_behavior_tree/src/pick_action.hpp:17:5:[m[K [01;31m[Kerror: [m[Kâ€˜[01m[Kbt[m[Kâ€™ does not name a type
   17 |     [01;31m[Kbt[m[K::NodeStatus tick() override;
      |     [01;31m[K^~[m[K
[01m[K/home/ayaa/Agro2/src/tiago_behavior_tree/src/pick_action.hpp:19:1:[m[K [01;31m[Kerror: [m[Kexpected unqualified-id before â€˜[01m[Kprivate[m[Kâ€™
   19 | [01;31m[Kprivate[m[K:
      | [01;31m[K^~~~~~~[m[K
[01m[K/home/ayaa/Agro2/src/tiago_behavior_tree/src/pick_action.hpp:26:1:[m[K [01;31m[Kerror: [m[Kexpected declaration before â€˜[01m[K}[m[Kâ€™ token
   26 | [01;31m[K}[m[K;
      | [01;31m[K^[m[K
[01m[K/home/ayaa/Agro2/src/tiago_behavior_tree/src/pick_action.cpp:9:47:[m[K [01;31m[Kerror: [m[Kinvalid use of incomplete type â€˜[01m[Kclass PickObject[m[Kâ€™
    9 |  std::string& name[01;31m[K)[m[K : ActionNode(name)
      |                   [01;31m[K^[m[K

In file included from [01m[K/home/ayaa/Agro2/src/tiago_behavior_tree/src/pick_action.cpp:2[m[K:
[01m[K/home/ayaa/Agro2/src/tiago_behavior_tree/src/pick_action.hpp:10:7:[m[K [01;36m[Knote: [m[Kforward declaration of â€˜[01m[Kclass PickObject[m[Kâ€™
   10 | class [01;36m[KPickObject[m[K : public bt::ActionNode
      |       [01;36m[K^~~~~~~~~~[m[K
[01m[K/home/ayaa/Agro2/src/tiago_behavior_tree/src/pick_action.cpp:16:25:[m[K [01;31m[Kerror: [m[Kinvalid use of incomplete type â€˜[01m[Kclass PickObject[m[Kâ€™
   16 | PickObject::~PickObject([01;31m[K)[m[K
      |                         [01;31m[K^[m[K
In file included from [01m[K/home/ayaa/Agro2/src/tiago_behavior_tree/src/pick_action.cpp:2[m[K:
[01m[K/home/ayaa/Agro2/src/tiago_behavior_tree/src/pick_action.hpp:10:7:[m[K [01;36m[Knote: [m[Kforward declaration of â€˜[01m[Kclass PickObject[m[Kâ€™
   10 | class [01;36m[KPickObject[m[K : public bt::ActionNode
      |       [01;36m[K^~~~~~~~~~[m[K
[01m[K/home/ayaa/Agro2/src/tiago_behavior_tree/src/pick_action.cpp:21:1:[m[K [01;31m[Kerror: [m[Kâ€˜[01m[Kbt[m[Kâ€™ does not name a type
   21 | [01;31m[Kbt[m[K::NodeStatus PickObject::tick()
      | [01;31m[K^~[m[K
[01m[K/home/ayaa/Agro2/src/tiago_behavior_tree/src/pick_action.cpp:36:30:[m[K [01;31m[Kerror: [m[Kinvalid use of incomplete type â€˜[01m[Kclass PickObject[m[Kâ€™
   36 | ool PickObject::pick_object([01;31m[K)[m[K
      |                             [01;31m[K^[m[K

In file included from [01m[K/home/ayaa/Agro2/src/tiago_behavior_tree/src/pick_action.cpp:2[m[K:
[01m[K/home/ayaa/Agro2/src/tiago_behavior_tree/src/pick_action.hpp:10:7:[m[K [01;36m[Knote: [m[Kforward declaration of â€˜[01m[Kclass PickObject[m[Kâ€™
   10 | class [01;36m[KPickObject[m[K : public bt::ActionNode
      |       [01;36m[K^~~~~~~~~~[m[K
gmake[2]: *** [CMakeFiles/pick_action_node.dir/build.make:76: CMakeFiles/pick_action_node.dir/src/pick_action.cpp.o] Error 1
gmake[1]: *** [CMakeFiles/Makefile2:137: CMakeFiles/pick_action_node.dir/all] Error 2
gmake: *** [Makefile:146: all] Error 2
