[1.155s] Invoking command in '/home/ayaa/Agro2/build/tiago_behavior_tree': CMAKE_PREFIX_PATH=/home/ayaa/Agro2/install/ur5_moveit:/home/ayaa/Agro2/install/ur_description:/home/ayaa/Agro2/install/tiago_simulation:/home/ayaa/Agro2/install/tiago_robot:/home/ayaa/Agro2/install/tiago_gazebo:/home/ayaa/Agro2/install/tiago_bringup:/home/ayaa/Agro2/install/tiago_description:/home/ayaa/Agro2/install/tiago_cpp:/home/ayaa/Agro2/install/tiago_controller_configuration:/home/ayaa/Agro2/install/tiago_behavior_tree:/home/ayaa/Agro2/install/fer_moveit:/home/ayaa/Agro2/install/tiago_custom:/home/ayaa/Agro2/install/my_nav2_bringup:/home/ayaa/Agro2/install/fer_gazebo:/home/ayaa/Agro2/install/custom_worlds:/opt/ros/humble:/home/ayaa/Agro2/install/franka_description:/home/ayaa/Agro2/install/fer_cpp_moveit /usr/bin/cmake --build /home/ayaa/Agro2/build/tiago_behavior_tree -- -j8 -l8
[1.563s] -- Found ament_cmake: 1.3.11 (/opt/ros/humble/share/ament_cmake/cmake)
[1.564s] -- Found rclcpp: 16.0.11 (/opt/ros/humble/share/rclcpp/cmake)
[1.565s] -- Found rosidl_generator_c: 3.1.6 (/opt/ros/humble/share/rosidl_generator_c/cmake)
[1.565s] -- Found rosidl_adapter: 3.1.6 (/opt/ros/humble/share/rosidl_adapter/cmake)
[1.565s] -- Found rosidl_generator_cpp: 3.1.6 (/opt/ros/humble/share/rosidl_generator_cpp/cmake)
[1.565s] -- Using all available rosidl_typesupport_c: rosidl_typesupport_fastrtps_c;rosidl_typesupport_introspection_c
[1.565s] -- Using all available rosidl_typesupport_cpp: rosidl_typesupport_fastrtps_cpp;rosidl_typesupport_introspection_cpp
[1.566s] -- Found rmw_implementation_cmake: 6.1.2 (/opt/ros/humble/share/rmw_implementation_cmake/cmake)
[1.566s] -- Found rmw_fastrtps_cpp: 6.2.7 (/opt/ros/humble/share/rmw_fastrtps_cpp/cmake)
[1.567s] -- Using RMW implementation 'rmw_fastrtps_cpp' as default
[1.584s] -- Found moveit_ros_planning_interface: 2.5.8 (/opt/ros/humble/share/moveit_ros_planning_interface/cmake)
[1.597s] -- Found Boost: /usr/lib/x86_64-linux-gnu/cmake/Boost-1.74.0/BoostConfig.cmake (found version "1.74.0") found components: date_time filesystem program_options system thread 
[1.841s] -- Found Boost: /usr/lib/x86_64-linux-gnu/cmake/Boost-1.74.0/BoostConfig.cmake (found version "1.74.0") found components: chrono date_time filesystem iostreams program_options regex serialization system thread 
[1.869s] -- Found parameter_traits: 0.4.0 (/opt/ros/humble/share/parameter_traits/cmake)
[1.878s] -- Found rclcpp_lifecycle: 16.0.11 (/opt/ros/humble/share/rclcpp_lifecycle/cmake)
[1.901s] -- Found Boost: /usr/lib/x86_64-linux-gnu/cmake/Boost-1.74.0/BoostConfig.cmake (found version "1.74.0") found components: filesystem 
[1.940s] -- library: /usr/lib/x86_64-linux-gnu/libcurl.so
[1.970s] -- Ensuring Eigen3 include directory is part of orocos-kdl CMake target
[2.098s] -- Found Boost: /usr/lib/x86_64-linux-gnu/cmake/Boost-1.74.0/BoostConfig.cmake (found version "1.74.0") found components: system filesystem date_time program_options thread chrono 
[2.132s] -- Found Boost: /usr/lib/x86_64-linux-gnu/cmake/Boost-1.74.0/BoostConfig.cmake (found version "1.74.0") found components: thread system filesystem regex date_time program_options 
[2.154s] -- Found Boost: /usr/lib/x86_64-linux-gnu/cmake/Boost-1.74.0/BoostConfig.cmake (found version "1.74.0") found components: system filesystem date_time program_options thread 
[2.186s] -- Found ament_lint_auto: 0.12.11 (/opt/ros/humble/share/ament_lint_auto/cmake)
[2.262s] -- Added test 'cppcheck' to perform static code analysis on C / C++ code
[2.262s] -- Configured cppcheck include dirs: 
[2.263s] -- Configured cppcheck exclude dirs and/or files: 
[2.263s] -- Added test 'lint_cmake' to check CMake code style
[2.264s] -- Added test 'uncrustify' to check C / C++ code style
[2.264s] -- Configured uncrustify additional arguments: 
[2.264s] -- Added test 'xmllint' to check XML markup files
[2.265s] -- Configuring done
[2.294s] -- Generating done
[2.302s] -- Build files have been written to: /home/ayaa/Agro2/build/tiago_behavior_tree
[2.337s] [35m[1mConsolidate compiler generated dependencies of target pick_action_node[0m
[2.364s] [ 50%] [32mBuilding CXX object CMakeFiles/pick_action_node.dir/src/pick_action.cpp.o[0m
[5.236s] In file included from [01m[K/home/ayaa/Agro2/src/tiago_behavior_tree/src/pick_action.cpp:2[m[K:
[5.236s] [01m[K/home/ayaa/Agro2/src/tiago_behavior_tree/src/pick_action.hpp:10:27:[m[K [01;31m[Kerror: [m[Kâ€˜[01m[Kbt[m[Kâ€™ has not been declared
[5.236s]    10 | ckObject : public [01;31m[Kbt[m[K::ActionNode
[5.236s]       |                   [01;31m[K^~[m[K
[5.236s] 
[5.236s] [01m[K/home/ayaa/Agro2/src/tiago_behavior_tree/src/pick_action.hpp:10:31:[m[K [01;31m[Kerror: [m[Kexpected â€˜[01m[K{[m[Kâ€™ before â€˜[01m[KActionNode[m[Kâ€™
[5.236s]    10 | bject : public bt::[01;31m[KActionNode[m[K
[5.236s]       |                    [01;31m[K^~~~~~~~~~[m[K
[5.236s] 
[5.236s] [01m[K/home/ayaa/Agro2/src/tiago_behavior_tree/src/pick_action.hpp:12:1:[m[K [01;31m[Kerror: [m[Kexpected primary-expression before â€˜[01m[Kpublic[m[Kâ€™
[5.236s]    12 | [01;31m[Kpublic[m[K:
[5.236s]       | [01;31m[K^~~~~~[m[K
[5.236s] [01m[K/home/ayaa/Agro2/src/tiago_behavior_tree/src/pick_action.hpp:12:1:[m[K [01;31m[Kerror: [m[Kexpected â€˜[01m[K}[m[Kâ€™ before â€˜[01m[Kpublic[m[Kâ€™
[5.236s] [01m[K/home/ayaa/Agro2/src/tiago_behavior_tree/src/pick_action.hpp:11:1:[m[K [01;36m[Knote: [m[Kto match this â€˜[01m[K{[m[Kâ€™
[5.237s]    11 | [01;36m[K{[m[K
[5.237s]       | [01;36m[K^[m[K
[5.237s] [01m[K/home/ayaa/Agro2/src/tiago_behavior_tree/src/pick_action.hpp:14:13:[m[K [01;31m[Kerror: [m[Kdeclaration of â€˜[01m[K~ PickObject[m[Kâ€™ as non-member
[5.237s]    14 |     virtual [01;31m[K~PickObject[m[K();
[5.237s]       |             [01;31m[K^~~~~~~~~~~[m[K
[5.237s] [01m[K/home/ayaa/Agro2/src/tiago_behavior_tree/src/pick_action.hpp:17:5:[m[K [01;31m[Kerror: [m[Kâ€˜[01m[Kbt[m[Kâ€™ does not name a type
[5.237s]    17 |     [01;31m[Kbt[m[K::NodeStatus tick() override;
[5.237s]       |     [01;31m[K^~[m[K
[5.237s] [01m[K/home/ayaa/Agro2/src/tiago_behavior_tree/src/pick_action.hpp:19:1:[m[K [01;31m[Kerror: [m[Kexpected unqualified-id before â€˜[01m[Kprivate[m[Kâ€™
[5.237s]    19 | [01;31m[Kprivate[m[K:
[5.237s]       | [01;31m[K^~~~~~~[m[K
[5.237s] [01m[K/home/ayaa/Agro2/src/tiago_behavior_tree/src/pick_action.hpp:26:1:[m[K [01;31m[Kerror: [m[Kexpected declaration before â€˜[01m[K}[m[Kâ€™ token
[5.238s]    26 | [01;31m[K}[m[K;
[5.238s]       | [01;31m[K^[m[K
[7.043s] [01m[K/home/ayaa/Agro2/src/tiago_behavior_tree/src/pick_action.cpp:9:47:[m[K [01;31m[Kerror: [m[Kinvalid use of incomplete type â€˜[01m[Kclass PickObject[m[Kâ€™
[7.043s]     9 |  std::string& name[01;31m[K)[m[K : ActionNode(name)
[7.043s]       |                   [01;31m[K^[m[K
[7.043s] 
[7.043s] In file included from [01m[K/home/ayaa/Agro2/src/tiago_behavior_tree/src/pick_action.cpp:2[m[K:
[7.044s] [01m[K/home/ayaa/Agro2/src/tiago_behavior_tree/src/pick_action.hpp:10:7:[m[K [01;36m[Knote: [m[Kforward declaration of â€˜[01m[Kclass PickObject[m[Kâ€™
[7.044s]    10 | class [01;36m[KPickObject[m[K : public bt::ActionNode
[7.044s]       |       [01;36m[K^~~~~~~~~~[m[K
[7.044s] [01m[K/home/ayaa/Agro2/src/tiago_behavior_tree/src/pick_action.cpp:16:25:[m[K [01;31m[Kerror: [m[Kinvalid use of incomplete type â€˜[01m[Kclass PickObject[m[Kâ€™
[7.044s]    16 | PickObject::~PickObject([01;31m[K)[m[K
[7.044s]       |                         [01;31m[K^[m[K
[7.044s] In file included from [01m[K/home/ayaa/Agro2/src/tiago_behavior_tree/src/pick_action.cpp:2[m[K:
[7.044s] [01m[K/home/ayaa/Agro2/src/tiago_behavior_tree/src/pick_action.hpp:10:7:[m[K [01;36m[Knote: [m[Kforward declaration of â€˜[01m[Kclass PickObject[m[Kâ€™
[7.044s]    10 | class [01;36m[KPickObject[m[K : public bt::ActionNode
[7.044s]       |       [01;36m[K^~~~~~~~~~[m[K
[7.045s] [01m[K/home/ayaa/Agro2/src/tiago_behavior_tree/src/pick_action.cpp:21:1:[m[K [01;31m[Kerror: [m[Kâ€˜[01m[Kbt[m[Kâ€™ does not name a type
[7.045s]    21 | [01;31m[Kbt[m[K::NodeStatus PickObject::tick()
[7.045s]       | [01;31m[K^~[m[K
[7.045s] [01m[K/home/ayaa/Agro2/src/tiago_behavior_tree/src/pick_action.cpp:36:30:[m[K [01;31m[Kerror: [m[Kinvalid use of incomplete type â€˜[01m[Kclass PickObject[m[Kâ€™
[7.045s]    36 | ool PickObject::pick_object([01;31m[K)[m[K
[7.045s]       |                             [01;31m[K^[m[K
[7.045s] 
[7.045s] In file included from [01m[K/home/ayaa/Agro2/src/tiago_behavior_tree/src/pick_action.cpp:2[m[K:
[7.045s] [01m[K/home/ayaa/Agro2/src/tiago_behavior_tree/src/pick_action.hpp:10:7:[m[K [01;36m[Knote: [m[Kforward declaration of â€˜[01m[Kclass PickObject[m[Kâ€™
[7.045s]    10 | class [01;36m[KPickObject[m[K : public bt::ActionNode
[7.045s]       |       [01;36m[K^~~~~~~~~~[m[K
[9.280s] gmake[2]: *** [CMakeFiles/pick_action_node.dir/build.make:76: CMakeFiles/pick_action_node.dir/src/pick_action.cpp.o] Error 1
[9.281s] gmake[1]: *** [CMakeFiles/Makefile2:137: CMakeFiles/pick_action_node.dir/all] Error 2
[9.281s] gmake: *** [Makefile:146: all] Error 2
[9.283s] Invoked command in '/home/ayaa/Agro2/build/tiago_behavior_tree' returned '2': CMAKE_PREFIX_PATH=/home/ayaa/Agro2/install/ur5_moveit:/home/ayaa/Agro2/install/ur_description:/home/ayaa/Agro2/install/tiago_simulation:/home/ayaa/Agro2/install/tiago_robot:/home/ayaa/Agro2/install/tiago_gazebo:/home/ayaa/Agro2/install/tiago_bringup:/home/ayaa/Agro2/install/tiago_description:/home/ayaa/Agro2/install/tiago_cpp:/home/ayaa/Agro2/install/tiago_controller_configuration:/home/ayaa/Agro2/install/tiago_behavior_tree:/home/ayaa/Agro2/install/fer_moveit:/home/ayaa/Agro2/install/tiago_custom:/home/ayaa/Agro2/install/my_nav2_bringup:/home/ayaa/Agro2/install/fer_gazebo:/home/ayaa/Agro2/install/custom_worlds:/opt/ros/humble:/home/ayaa/Agro2/install/franka_description:/home/ayaa/Agro2/install/fer_cpp_moveit /usr/bin/cmake --build /home/ayaa/Agro2/build/tiago_behavior_tree -- -j8 -l8
