In file included from [01m[K/home/ayaa/Agro2/src/tiago_behavior_tree/src/pick_action.cpp:2[m[K:
[01m[K/home/ayaa/Agro2/src/tiago_behavior_tree/src/pick_action.hpp:12:1:[m[K [01;31m[Kerror: [m[Kexpected class-name before â€˜[01m[K{[m[Kâ€™ token
   12 | [01;31m[K{[m[K
      | [01;31m[K^[m[K
[01m[K/home/ayaa/Agro2/src/tiago_behavior_tree/src/pick_action.hpp:19:20:[m[K [01;31m[Kerror: [m[Kâ€˜[01m[KBT::NodeStatus PickObject::tick()[m[Kâ€™ marked â€˜[01m[Koverride[m[Kâ€™, but does not override
   19 |     BT::NodeStatus [01;31m[Ktick[m[K() override;
      |                    [01;31m[K^~~~[m[K
[01m[K/home/ayaa/Agro2/src/tiago_behavior_tree/src/pick_action.hpp:[m[K In constructor â€˜[01m[KPickObject::PickObject(const string&)[m[Kâ€™:
[01m[K/home/ayaa/Agro2/src/tiago_behavior_tree/src/pick_action.hpp:15:13:[m[K [01;31m[Kerror: [m[Ktype â€˜[01m[KBT::SyncActionNode[m[Kâ€™ is not a direct base of â€˜[01m[KPickObject[m[Kâ€™
   15 |         BT::[01;31m[KSyncActionNode[m[K(name, {})
      |             [01;31m[K^~~~~~~~~~~~~~[m[K
[01m[K/home/ayaa/Agro2/src/tiago_behavior_tree/src/pick_action.cpp:[m[K At global scope:
[01m[K/home/ayaa/Agro2/src/tiago_behavior_tree/src/pick_action.cpp:9:1:[m[K [01;31m[Kerror: [m[Kredefinition of â€˜[01m[KPickObject::PickObject(const string&)[m[Kâ€™
    9 | [01;31m[KPickObject[m[K::PickObject(const std::string& name) : ActionNode(name)
      | [01;31m[K^~~~~~~~~~[m[K
In file included from [01m[K/home/ayaa/Agro2/src/tiago_behavior_tree/src/pick_action.cpp:2[m[K:
[01m[K/home/ayaa/Agro2/src/tiago_behavior_tree/src/pick_action.hpp:14:5:[m[K [01;36m[Knote: [m[Kâ€˜[01m[KPickObject::PickObject(const string&)[m[Kâ€™ previously defined here
   14 |     [01;36m[KPickObject[m[K(const std::string & name):
      |     [01;36m[K^~~~~~~~~~[m[K
[01m[K/home/ayaa/Agro2/src/tiago_behavior_tree/src/pick_action.cpp:16:25:[m[K [01;31m[Kerror: [m[Kdefinition of implicitly-declared â€˜[01m[KPickObject::~PickObject()[m[Kâ€™
   16 | PickObject::~PickObject([01;31m[K)[m[K
      |                         [01;31m[K^[m[K
[01m[K/home/ayaa/Agro2/src/tiago_behavior_tree/src/pick_action.cpp:21:1:[m[K [01;31m[Kerror: [m[Kâ€˜[01m[Kbt[m[Kâ€™ does not name a type
   21 | [01;31m[Kbt[m[K::NodeStatus PickObject::tick()
      | [01;31m[K^~[m[K
[01m[K/home/ayaa/Agro2/src/tiago_behavior_tree/src/pick_action.cpp:[m[K In member function â€˜[01m[Kbool PickObject::pick_object()[m[Kâ€™:
[01m[K/home/ayaa/Agro2/src/tiago_behavior_tree/src/pick_action.cpp:42:38:[m[K [01;31m[Kerror: [m[Kâ€˜[01m[Knode[m[Kâ€™ was not declared in this scope; did you mean â€˜[01m[Knode_[m[Kâ€™?
   42 | GroupInterface gripper_group([01;31m[Knode[m[K, "gripper");
      |                              [01;31m[K^~~~[m[K
      |                              [32m[Knode_[m[K
[01m[K/home/ayaa/Agro2/src/tiago_behavior_tree/src/pick_action.cpp:46:38:[m[K [01;31m[Kerror: [m[Kcannot convert â€˜[01m[Kmoveit::core::MoveItErrorCode[m[Kâ€™ to â€˜[01m[Kbool[m[Kâ€™ in initialization
   46 |     bool success = [01;31m[Kgripper_group.move()[m[K;
      |                    [01;31m[K~~~~~~~~~~~~~~~~~~^~[m[K
      |                                      [01;31m[K|[m[K
      |                                      [01;31m[Kmoveit::core::MoveItErrorCode[m[K
[01m[K/home/ayaa/Agro2/src/tiago_behavior_tree/src/pick_action.cpp:46:10:[m[K [01;35m[Kwarning: [m[Kunused variable â€˜[01m[Ksuccess[m[Kâ€™ [[01;35m[K]8;;https://gcc.gnu.org/onlinedocs/gcc/Warning-Options.html#index-Wunused-variable-Wunused-variable]8;;[m[K]
   46 |     bool [01;35m[Ksuccess[m[K = gripper_group.move();
      |          [01;35m[K^~~~~~~[m[K
gmake[2]: *** [CMakeFiles/pick_action_node.dir/build.make:76: CMakeFiles/pick_action_node.dir/src/pick_action.cpp.o] Error 1
gmake[1]: *** [CMakeFiles/Makefile2:137: CMakeFiles/pick_action_node.dir/all] Error 2
gmake: *** [Makefile:146: all] Error 2
