[  8%] Built target tiago_behavior_tree__rosidl_generator_c
[  8%] Built target ament_cmake_python_copy_tiago_behavior_tree
[ 11%] Built target tiago_behavior_tree__cpp
[ 20%] Built target tiago_behavior_tree__rosidl_typesupport_fastrtps_c
[ 28%] Built target tiago_behavior_tree__rosidl_typesupport_c
[ 37%] Built target tiago_behavior_tree__rosidl_typesupport_cpp
[ 45%] Built target tiago_behavior_tree__rosidl_typesupport_introspection_c
[ 54%] Built target tiago_behavior_tree__rosidl_typesupport_fastrtps_cpp
[35m[1mConsolidate compiler generated dependencies of target pick_action_node[0m
[ 62%] Built target tiago_behavior_tree__rosidl_typesupport_introspection_cpp
[ 68%] Built target open_gripper_server
[ 71%] [32mBuilding CXX object CMakeFiles/pick_action_node.dir/src/pick_action.cpp.o[0m
[ 71%] Built target tiago_behavior_tree
[ 74%] Built target tiago_behavior_tree__py
[ 80%] Built target tiago_behavior_tree__rosidl_generator_py
[ 85%] Built target tiago_behavior_tree__rosidl_typesupport_fastrtps_c__pyext
[ 91%] Built target tiago_behavior_tree__rosidl_typesupport_c__pyext
[ 97%] Built target tiago_behavior_tree__rosidl_typesupport_introspection_c__pyext
running egg_info
writing tiago_behavior_tree.egg-info/PKG-INFO
writing dependency_links to tiago_behavior_tree.egg-info/dependency_links.txt
writing top-level names to tiago_behavior_tree.egg-info/top_level.txt
reading manifest file 'tiago_behavior_tree.egg-info/SOURCES.txt'
writing manifest file 'tiago_behavior_tree.egg-info/SOURCES.txt'
[ 97%] Built target ament_cmake_python_build_tiago_behavior_tree_egg
[01m[K/home/ayaa/Agro2/src/tiago_behavior_tree/src/pick_action.cpp:[m[K In member function â€˜[01m[Kvirtual void nav2_behavior_tree::OpenGripperAction::on_tick()[m[Kâ€™:
[01m[K/home/ayaa/Agro2/src/tiago_behavior_tree/src/pick_action.cpp:38:55:[m[K [01;31m[Kerror: [m[Kâ€˜[01m[Knode[m[Kâ€™ was not declared in this scope; did you mean â€˜[01m[Knode_[m[Kâ€™?
   38 | to gripper_group_interface = MoveGroupInterface([01;31m[Knode[m[K, "gripper");
      |                                                 [01;31m[K^~~~[m[K
      |                                                 [32m[Knode_[m[K
gmake[2]: *** [CMakeFiles/pick_action_node.dir/build.make:76: CMakeFiles/pick_action_node.dir/src/pick_action.cpp.o] Error 1
gmake[1]: *** [CMakeFiles/Makefile2:595: CMakeFiles/pick_action_node.dir/all] Error 2
gmake: *** [Makefile:146: all] Error 2
