[35m[1mConsolidate compiler generated dependencies of target pick_action_node[0m
[ 50%] [32mBuilding CXX object CMakeFiles/pick_action_node.dir/src/pick_action.cpp.o[0m
[01m[K/home/ayaa/Agro2/src/tiago_behavior_tree/src/pick_action.cpp:[m[K In function â€˜[01m[Kint main()[m[Kâ€™:
[01m[K/home/ayaa/Agro2/src/tiago_behavior_tree/src/pick_action.cpp:10:3:[m[K [01;31m[Kerror: [m[Kâ€˜[01m[KBehaviorTreeFactory[m[Kâ€™ was not declared in this scope
   10 |   [01;31m[KBehaviorTreeFactory[m[K factory;
      |   [01;31m[K^~~~~~~~~~~~~~~~~~~[m[K
[01m[K/home/ayaa/Agro2/src/tiago_behavior_tree/src/pick_action.cpp:13:4:[m[K [01;31m[Kerror: [m[Kâ€˜[01m[Kfactory[m[Kâ€™ was not declared in this scope
   13 |    [01;31m[Kfactory[m[K.registerNodeType<PickObject>("PickObject");
      |    [01;31m[K^~~~~~~[m[K
[01m[K/home/ayaa/Agro2/src/tiago_behavior_tree/src/pick_action.cpp:13:39:[m[K [01;31m[Kerror: [m[Kexpected primary-expression before â€˜[01m[K>[m[Kâ€™ token
   13 | erNodeType<PickObject[01;31m[K>[m[K("PickObject");
      |                      [01;31m[K^[m[K

gmake[2]: *** [CMakeFiles/pick_action_node.dir/build.make:76: CMakeFiles/pick_action_node.dir/src/pick_action.cpp.o] Error 1
gmake[1]: *** [CMakeFiles/Makefile2:137: CMakeFiles/pick_action_node.dir/all] Error 2
gmake: *** [Makefile:146: all] Error 2
