[01m[K/home/ayaa/Agro2/src/tiago_behavior_tree/src/pick_action.cpp:9:1:[m[K [01;31m[Kerror: [m[Kredefinition of â€˜[01m[KPickObject::PickObject(const string&)[m[Kâ€™
    9 | [01;31m[KPickObject[m[K::PickObject(const std::string& name) : ActionNode(name)
      | [01;31m[K^~~~~~~~~~[m[K
In file included from [01m[K/home/ayaa/Agro2/src/tiago_behavior_tree/src/pick_action.cpp:2[m[K:
[01m[K/home/ayaa/Agro2/src/tiago_behavior_tree/src/pick_action.hpp:15:3:[m[K [01;36m[Knote: [m[Kâ€˜[01m[KPickObject::PickObject(const string&)[m[Kâ€™ previously defined here
   15 |   [01;36m[KPickObject[m[K(const std::string& name) :
      |   [01;36m[K^~~~~~~~~~[m[K
[01m[K/home/ayaa/Agro2/src/tiago_behavior_tree/src/pick_action.cpp:16:25:[m[K [01;31m[Kerror: [m[Kdefinition of implicitly-declared â€˜[01m[Kvirtual PickObject::~PickObject()[m[Kâ€™
   16 | PickObject::~PickObject([01;31m[K)[m[K
      |                         [01;31m[K^[m[K
[01m[K/home/ayaa/Agro2/src/tiago_behavior_tree/src/pick_action.cpp:21:1:[m[K [01;31m[Kerror: [m[Kâ€˜[01m[Kbt[m[Kâ€™ does not name a type
   21 | [01;31m[Kbt[m[K::NodeStatus PickObject::tick()
      | [01;31m[K^~[m[K
[01m[K/home/ayaa/Agro2/src/tiago_behavior_tree/src/pick_action.cpp:36:6:[m[K [01;31m[Kerror: [m[Kno declaration matches â€˜[01m[Kbool PickObject::pick_object()[m[Kâ€™
   36 | bool [01;31m[KPickObject[m[K::pick_object()
      |      [01;31m[K^~~~~~~~~~[m[K
[01m[K/home/ayaa/Agro2/src/tiago_behavior_tree/src/pick_action.cpp:36:6:[m[K [01;36m[Knote: [m[Kno functions named â€˜[01m[Kbool PickObject::pick_object()[m[Kâ€™
In file included from [01m[K/home/ayaa/Agro2/src/tiago_behavior_tree/src/pick_action.cpp:2[m[K:
[01m[K/home/ayaa/Agro2/src/tiago_behavior_tree/src/pick_action.hpp:12:7:[m[K [01;36m[Knote: [m[Kâ€˜[01m[Kclass PickObject[m[Kâ€™ defined here
   12 | class [01;36m[KPickObject[m[K : public BT::SyncActionNode
      |       [01;36m[K^~~~~~~~~~[m[K
gmake[2]: *** [CMakeFiles/pick_action_node.dir/build.make:76: CMakeFiles/pick_action_node.dir/src/pick_action.cpp.o] Error 1
gmake[1]: *** [CMakeFiles/Makefile2:137: CMakeFiles/pick_action_node.dir/all] Error 2
gmake: *** [Makefile:146: all] Error 2
