[0.113s] Invoking command in '/home/ayaa/Agro2/build/tiago_behavior_tree': /usr/bin/cmake --build /home/ayaa/Agro2/build/tiago_behavior_tree -- -j8 -l8
[0.153s] -- Found ament_cmake: 1.3.11 (/opt/ros/humble/share/ament_cmake/cmake)
[0.354s] -- Found rclcpp: 16.0.12 (/opt/ros/humble/share/rclcpp/cmake)
[0.407s] -- Found rosidl_generator_c: 3.1.6 (/opt/ros/humble/share/rosidl_generator_c/cmake)
[0.412s] -- Found rosidl_adapter: 3.1.6 (/opt/ros/humble/share/rosidl_adapter/cmake)
[0.423s] -- Found rosidl_generator_cpp: 3.1.6 (/opt/ros/humble/share/rosidl_generator_cpp/cmake)
[0.442s] -- Using all available rosidl_typesupport_c: rosidl_typesupport_fastrtps_c;rosidl_typesupport_introspection_c
[0.469s] -- Using all available rosidl_typesupport_cpp: rosidl_typesupport_fastrtps_cpp;rosidl_typesupport_introspection_cpp
[0.535s] -- Found rmw_implementation_cmake: 6.1.2 (/opt/ros/humble/share/rmw_implementation_cmake/cmake)
[0.538s] -- Found rmw_fastrtps_cpp: 6.2.7 (/opt/ros/humble/share/rmw_fastrtps_cpp/cmake)
[0.721s] -- Using RMW implementation 'rmw_fastrtps_cpp' as default
[0.813s] -- Found tf2_ros: 0.25.12 (/opt/ros/humble/share/tf2_ros/cmake)
[0.962s] -- Found moveit_ros_planning_interface: 2.5.9 (/opt/ros/humble/share/moveit_ros_planning_interface/cmake)
[0.973s] -- Found Boost: /usr/lib/x86_64-linux-gnu/cmake/Boost-1.74.0/BoostConfig.cmake (found version "1.74.0") found components: date_time filesystem program_options system thread 
[1.101s] -- Found Boost: /usr/lib/x86_64-linux-gnu/cmake/Boost-1.74.0/BoostConfig.cmake (found version "1.74.0") found components: chrono date_time filesystem iostreams program_options regex serialization system thread 
[1.123s] -- Found parameter_traits: 0.4.0 (/opt/ros/humble/share/parameter_traits/cmake)
[1.132s] -- Found rclcpp_lifecycle: 16.0.12 (/opt/ros/humble/share/rclcpp_lifecycle/cmake)
[1.153s] -- Found Boost: /usr/lib/x86_64-linux-gnu/cmake/Boost-1.74.0/BoostConfig.cmake (found version "1.74.0") found components: filesystem 
[1.188s] -- library: /usr/lib/x86_64-linux-gnu/libcurl.so
[1.221s] -- Ensuring Eigen3 include directory is part of orocos-kdl CMake target
[1.276s] -- Found Boost: /usr/lib/x86_64-linux-gnu/cmake/Boost-1.74.0/BoostConfig.cmake (found version "1.74.0") found components: system filesystem date_time program_options thread chrono 
[1.314s] -- Found Boost: /usr/lib/x86_64-linux-gnu/cmake/Boost-1.74.0/BoostConfig.cmake (found version "1.74.0") found components: thread system filesystem regex date_time program_options 
[1.336s] -- Found Boost: /usr/lib/x86_64-linux-gnu/cmake/Boost-1.74.0/BoostConfig.cmake (found version "1.74.0") found components: system filesystem date_time program_options thread 
[1.394s] -- Found nav2_behavior_tree: 1.1.18 (/opt/ros/humble/share/nav2_behavior_tree/cmake)
[1.577s] -- Found rosidl_default_generators: 1.2.0 (/opt/ros/humble/share/rosidl_default_generators/cmake)
[1.919s] Error parsing '/home/ayaa/Agro2/src/tiago_behavior_tree/package.xml':
[2.001s] Traceback (most recent call last):
[2.001s]   File "/opt/ros/humble/share/ament_cmake_core/cmake/core/package_xml_2_cmake.py", line 150, in <module>
[2.001s]     main()
[2.001s]   File "/opt/ros/humble/share/ament_cmake_core/cmake/core/package_xml_2_cmake.py", line 53, in main
[2.002s]     raise e
[2.002s]   File "/opt/ros/humble/share/ament_cmake_core/cmake/core/package_xml_2_cmake.py", line 49, in main
[2.002s]     package = parse_package_string(
[2.002s]   File "/usr/lib/python3/dist-packages/catkin_pkg/package.py", line 719, in parse_package_string
[2.002s]     export_node = _get_optional_node(root, 'export', filename)
[2.002s]   File "/usr/lib/python3/dist-packages/catkin_pkg/package.py", line 807, in _get_optional_node
[2.002s]     raise InvalidPackage('The manifest must not contain more than one "%s" tags' % tagname, filename)
[2.003s] catkin_pkg.package.InvalidPackage: Error(s) in package '/home/ayaa/Agro2/src/tiago_behavior_tree/package.xml':
[2.003s] The manifest must not contain more than one "export" tags
[2.032s] [31mCMake Error at /opt/ros/humble/share/ament_cmake_core/cmake/core/ament_package_xml.cmake:95 (message):
[2.033s]   execute_process(/usr/bin/python3
[2.033s]   /opt/ros/humble/share/ament_cmake_core/cmake/core/package_xml_2_cmake.py
[2.033s]   /home/ayaa/Agro2/src/tiago_behavior_tree/package.xml
[2.033s]   /home/ayaa/Agro2/build/tiago_behavior_tree/ament_cmake_core/package.cmake)
[2.033s]   returned error code 1
[2.033s] Call Stack (most recent call first):
[2.033s]   /opt/ros/humble/share/ament_cmake_core/cmake/core/ament_package_xml.cmake:49 (_ament_package_xml)
[2.033s]   /opt/ros/humble/share/rosidl_cmake/cmake/rosidl_generate_interfaces.cmake:226 (ament_package_xml)
[2.034s]   CMakeLists.txt:24 (rosidl_generate_interfaces)
[2.034s] 
[2.034s] [0m
[2.045s] -- Configuring incomplete, errors occurred!
[2.046s] See also "/home/ayaa/Agro2/build/tiago_behavior_tree/CMakeFiles/CMakeOutput.log".
[2.054s] gmake: *** [Makefile:788: cmake_check_build_system] Error 1
[2.058s] Invoked command in '/home/ayaa/Agro2/build/tiago_behavior_tree' returned '2': /usr/bin/cmake --build /home/ayaa/Agro2/build/tiago_behavior_tree -- -j8 -l8
