[1.240s] Invoking command in '/home/ayaa/Agro2/build/tiago_behavior_tree': CMAKE_PREFIX_PATH=/home/ayaa/Agro2/install/ur5_moveit:/home/ayaa/Agro2/install/ur_description:/home/ayaa/Agro2/install/tiago_simulation:/home/ayaa/Agro2/install/tiago_robot:/home/ayaa/Agro2/install/tiago_gazebo:/home/ayaa/Agro2/install/tiago_bringup:/home/ayaa/Agro2/install/tiago_description:/home/ayaa/Agro2/install/tiago_cpp:/home/ayaa/Agro2/install/tiago_controller_configuration:/home/ayaa/Agro2/install/tiago_behavior_tree:/home/ayaa/Agro2/install/fer_moveit:/home/ayaa/Agro2/install/tiago_custom:/home/ayaa/Agro2/install/my_nav2_bringup:/home/ayaa/Agro2/install/fer_gazebo:/home/ayaa/Agro2/install/custom_worlds:/opt/ros/humble:/home/ayaa/Agro2/install/franka_description:/home/ayaa/Agro2/install/fer_cpp_moveit /usr/bin/cmake --build /home/ayaa/Agro2/build/tiago_behavior_tree -- -j8 -l8
[1.264s] -- Found ament_cmake: 1.3.11 (/opt/ros/humble/share/ament_cmake/cmake)
[1.394s] -- Found rclcpp: 16.0.11 (/opt/ros/humble/share/rclcpp/cmake)
[1.425s] -- Found rosidl_generator_c: 3.1.6 (/opt/ros/humble/share/rosidl_generator_c/cmake)
[1.428s] -- Found rosidl_adapter: 3.1.6 (/opt/ros/humble/share/rosidl_adapter/cmake)
[1.434s] -- Found rosidl_generator_cpp: 3.1.6 (/opt/ros/humble/share/rosidl_generator_cpp/cmake)
[1.443s] -- Using all available rosidl_typesupport_c: rosidl_typesupport_fastrtps_c;rosidl_typesupport_introspection_c
[1.457s] -- Using all available rosidl_typesupport_cpp: rosidl_typesupport_fastrtps_cpp;rosidl_typesupport_introspection_cpp
[1.490s] -- Found rmw_implementation_cmake: 6.1.2 (/opt/ros/humble/share/rmw_implementation_cmake/cmake)
[1.491s] -- Found rmw_fastrtps_cpp: 6.2.7 (/opt/ros/humble/share/rmw_fastrtps_cpp/cmake)
[1.614s] -- Using RMW implementation 'rmw_fastrtps_cpp' as default
[1.715s] -- Found moveit_ros_planning_interface: 2.5.8 (/opt/ros/humble/share/moveit_ros_planning_interface/cmake)
[1.757s] -- Found Boost: /usr/lib/x86_64-linux-gnu/cmake/Boost-1.74.0/BoostConfig.cmake (found version "1.74.0") found components: date_time filesystem program_options system thread 
[2.203s] -- Found Boost: /usr/lib/x86_64-linux-gnu/cmake/Boost-1.74.0/BoostConfig.cmake (found version "1.74.0") found components: chrono date_time filesystem iostreams program_options regex serialization system thread 
[2.333s] -- Found parameter_traits: 0.4.0 (/opt/ros/humble/share/parameter_traits/cmake)
[2.363s] -- Found Eigen3: TRUE (found version "3.4.0") 
[2.371s] -- Found rclcpp_lifecycle: 16.0.11 (/opt/ros/humble/share/rclcpp_lifecycle/cmake)
[2.434s] -- Found Boost: /usr/lib/x86_64-linux-gnu/cmake/Boost-1.74.0/BoostConfig.cmake (found version "1.74.0") found components: filesystem 
[2.598s] -- library: /usr/lib/x86_64-linux-gnu/libcurl.so
[2.683s] -- Ensuring Eigen3 include directory is part of orocos-kdl CMake target
[3.025s] -- Found Boost: /usr/lib/x86_64-linux-gnu/cmake/Boost-1.74.0/BoostConfig.cmake (found version "1.74.0") found components: system filesystem date_time program_options thread chrono 
[3.097s] -- Found Boost: /usr/lib/x86_64-linux-gnu/cmake/Boost-1.74.0/BoostConfig.cmake (found version "1.74.0") found components: thread system filesystem regex date_time program_options 
[3.149s] -- Found Boost: /usr/lib/x86_64-linux-gnu/cmake/Boost-1.74.0/BoostConfig.cmake (found version "1.74.0") found components: system filesystem date_time program_options thread 
[3.221s] -- Found ament_lint_auto: 0.12.11 (/opt/ros/humble/share/ament_lint_auto/cmake)
[3.342s] -- Added test 'cppcheck' to perform static code analysis on C / C++ code
[3.342s] -- Configured cppcheck include dirs: 
[3.342s] -- Configured cppcheck exclude dirs and/or files: 
[3.344s] -- Added test 'lint_cmake' to check CMake code style
[3.347s] -- Added test 'uncrustify' to check C / C++ code style
[3.347s] -- Configured uncrustify additional arguments: 
[3.347s] -- Added test 'xmllint' to check XML markup files
[3.349s] -- Configuring done
[3.406s] -- Generating done
[3.422s] -- Build files have been written to: /home/ayaa/Agro2/build/tiago_behavior_tree
[3.485s] [ 50%] [32mBuilding CXX object CMakeFiles/pick_action_node.dir/src/pick_action.cpp.o[0m
[6.171s] In file included from [01m[K/home/ayaa/Agro2/src/tiago_behavior_tree/src/pick_action.cpp:2[m[K:
[6.171s] [01m[K/home/ayaa/Agro2/src/tiago_behavior_tree/src/pick_action.hpp:10:27:[m[K [01;31m[Kerror: [m[Kâ€˜[01m[Kbt[m[Kâ€™ has not been declared
[6.171s]    10 | ckObject : public [01;31m[Kbt[m[K::ActionNode
[6.171s]       |                   [01;31m[K^~[m[K
[6.171s] 
[6.171s] [01m[K/home/ayaa/Agro2/src/tiago_behavior_tree/src/pick_action.hpp:10:31:[m[K [01;31m[Kerror: [m[Kexpected â€˜[01m[K{[m[Kâ€™ before â€˜[01m[KActionNode[m[Kâ€™
[6.171s]    10 | bject : public bt::[01;31m[KActionNode[m[K
[6.171s]       |                    [01;31m[K^~~~~~~~~~[m[K
[6.171s] 
[6.171s] [01m[K/home/ayaa/Agro2/src/tiago_behavior_tree/src/pick_action.hpp:12:1:[m[K [01;31m[Kerror: [m[Kexpected primary-expression before â€˜[01m[Kpublic[m[Kâ€™
[6.171s]    12 | [01;31m[Kpublic[m[K:
[6.171s]       | [01;31m[K^~~~~~[m[K
[6.172s] [01m[K/home/ayaa/Agro2/src/tiago_behavior_tree/src/pick_action.hpp:12:1:[m[K [01;31m[Kerror: [m[Kexpected â€˜[01m[K}[m[Kâ€™ before â€˜[01m[Kpublic[m[Kâ€™
[6.172s] [01m[K/home/ayaa/Agro2/src/tiago_behavior_tree/src/pick_action.hpp:11:1:[m[K [01;36m[Knote: [m[Kto match this â€˜[01m[K{[m[Kâ€™
[6.172s]    11 | [01;36m[K{[m[K
[6.172s]       | [01;36m[K^[m[K
[6.172s] [01m[K/home/ayaa/Agro2/src/tiago_behavior_tree/src/pick_action.hpp:14:13:[m[K [01;31m[Kerror: [m[Kdeclaration of â€˜[01m[K~ PickObject[m[Kâ€™ as non-member
[6.172s]    14 |     virtual [01;31m[K~PickObject[m[K();
[6.172s]       |             [01;31m[K^~~~~~~~~~~[m[K
[6.172s] [01m[K/home/ayaa/Agro2/src/tiago_behavior_tree/src/pick_action.hpp:17:5:[m[K [01;31m[Kerror: [m[Kâ€˜[01m[Kbt[m[Kâ€™ does not name a type
[6.172s]    17 |     [01;31m[Kbt[m[K::NodeStatus tick() override;
[6.172s]       |     [01;31m[K^~[m[K
[6.172s] [01m[K/home/ayaa/Agro2/src/tiago_behavior_tree/src/pick_action.hpp:19:1:[m[K [01;31m[Kerror: [m[Kexpected unqualified-id before â€˜[01m[Kprivate[m[Kâ€™
[6.172s]    19 | [01;31m[Kprivate[m[K:
[6.172s]       | [01;31m[K^~~~~~~[m[K
[6.173s] [01m[K/home/ayaa/Agro2/src/tiago_behavior_tree/src/pick_action.hpp:26:1:[m[K [01;31m[Kerror: [m[Kexpected declaration before â€˜[01m[K}[m[Kâ€™ token
[6.173s]    26 | [01;31m[K}[m[K;
[6.173s]       | [01;31m[K^[m[K
[8.003s] [01m[K/home/ayaa/Agro2/src/tiago_behavior_tree/src/pick_action.cpp:9:47:[m[K [01;31m[Kerror: [m[Kinvalid use of incomplete type â€˜[01m[Kclass PickObject[m[Kâ€™
[8.003s]     9 |  std::string& name[01;31m[K)[m[K : ActionNode(name)
[8.003s]       |                   [01;31m[K^[m[K
[8.004s] 
[8.004s] In file included from [01m[K/home/ayaa/Agro2/src/tiago_behavior_tree/src/pick_action.cpp:2[m[K:
[8.004s] [01m[K/home/ayaa/Agro2/src/tiago_behavior_tree/src/pick_action.hpp:10:7:[m[K [01;36m[Knote: [m[Kforward declaration of â€˜[01m[Kclass PickObject[m[Kâ€™
[8.004s]    10 | class [01;36m[KPickObject[m[K : public bt::ActionNode
[8.004s]       |       [01;36m[K^~~~~~~~~~[m[K
[8.004s] [01m[K/home/ayaa/Agro2/src/tiago_behavior_tree/src/pick_action.cpp:16:25:[m[K [01;31m[Kerror: [m[Kinvalid use of incomplete type â€˜[01m[Kclass PickObject[m[Kâ€™
[8.004s]    16 | PickObject::~PickObject([01;31m[K)[m[K
[8.004s]       |                         [01;31m[K^[m[K
[8.004s] In file included from [01m[K/home/ayaa/Agro2/src/tiago_behavior_tree/src/pick_action.cpp:2[m[K:
[8.004s] [01m[K/home/ayaa/Agro2/src/tiago_behavior_tree/src/pick_action.hpp:10:7:[m[K [01;36m[Knote: [m[Kforward declaration of â€˜[01m[Kclass PickObject[m[Kâ€™
[8.004s]    10 | class [01;36m[KPickObject[m[K : public bt::ActionNode
[8.004s]       |       [01;36m[K^~~~~~~~~~[m[K
[8.005s] [01m[K/home/ayaa/Agro2/src/tiago_behavior_tree/src/pick_action.cpp:21:1:[m[K [01;31m[Kerror: [m[Kâ€˜[01m[Kbt[m[Kâ€™ does not name a type
[8.005s]    21 | [01;31m[Kbt[m[K::NodeStatus PickObject::tick()
[8.005s]       | [01;31m[K^~[m[K
[8.005s] [01m[K/home/ayaa/Agro2/src/tiago_behavior_tree/src/pick_action.cpp:36:30:[m[K [01;31m[Kerror: [m[Kinvalid use of incomplete type â€˜[01m[Kclass PickObject[m[Kâ€™
[8.005s]    36 | ool PickObject::pick_object([01;31m[K)[m[K
[8.005s]       |                             [01;31m[K^[m[K
[8.005s] 
[8.005s] In file included from [01m[K/home/ayaa/Agro2/src/tiago_behavior_tree/src/pick_action.cpp:2[m[K:
[8.005s] [01m[K/home/ayaa/Agro2/src/tiago_behavior_tree/src/pick_action.hpp:10:7:[m[K [01;36m[Knote: [m[Kforward declaration of â€˜[01m[Kclass PickObject[m[Kâ€™
[8.005s]    10 | class [01;36m[KPickObject[m[K : public bt::ActionNode
[8.006s]       |       [01;36m[K^~~~~~~~~~[m[K
[10.267s] gmake[2]: *** [CMakeFiles/pick_action_node.dir/build.make:76: CMakeFiles/pick_action_node.dir/src/pick_action.cpp.o] Error 1
[10.267s] gmake[1]: *** [CMakeFiles/Makefile2:137: CMakeFiles/pick_action_node.dir/all] Error 2
[10.267s] gmake: *** [Makefile:146: all] Error 2
[10.270s] Invoked command in '/home/ayaa/Agro2/build/tiago_behavior_tree' returned '2': CMAKE_PREFIX_PATH=/home/ayaa/Agro2/install/ur5_moveit:/home/ayaa/Agro2/install/ur_description:/home/ayaa/Agro2/install/tiago_simulation:/home/ayaa/Agro2/install/tiago_robot:/home/ayaa/Agro2/install/tiago_gazebo:/home/ayaa/Agro2/install/tiago_bringup:/home/ayaa/Agro2/install/tiago_description:/home/ayaa/Agro2/install/tiago_cpp:/home/ayaa/Agro2/install/tiago_controller_configuration:/home/ayaa/Agro2/install/tiago_behavior_tree:/home/ayaa/Agro2/install/fer_moveit:/home/ayaa/Agro2/install/tiago_custom:/home/ayaa/Agro2/install/my_nav2_bringup:/home/ayaa/Agro2/install/fer_gazebo:/home/ayaa/Agro2/install/custom_worlds:/opt/ros/humble:/home/ayaa/Agro2/install/franka_description:/home/ayaa/Agro2/install/fer_cpp_moveit /usr/bin/cmake --build /home/ayaa/Agro2/build/tiago_behavior_tree -- -j8 -l8
