[ 50%] [32mBuilding CXX object CMakeFiles/pick_action_node.dir/src/pick_action.cpp.o[0m
[01m[K/home/ayaa/Agro2/src/tiago_behavior_tree/src/pick_action.cpp:[m[K In function â€˜[01m[Kint main()[m[Kâ€™:
[01m[K/home/ayaa/Agro2/src/tiago_behavior_tree/src/pick_action.cpp:16:20:[m[K [01;31m[Kerror: [m[Kno matching function for call to â€˜[01m[KGripperInterface::GripperInterface()[m[Kâ€™
   16 |   GripperInterface [01;31m[Kgripper[m[K;
      |                    [01;31m[K^~~~~~~[m[K
In file included from [01m[K/home/ayaa/Agro2/src/tiago_behavior_tree/src/pick_action.cpp:2[m[K:
[01m[K/home/ayaa/Agro2/src/tiago_behavior_tree/src/pick_action.hpp:39:3:[m[K [01;36m[Knote: [m[Kcandidate: â€˜[01m[KGripperInterface::GripperInterface(const SharedPtr&)[m[Kâ€™
   39 |   [01;36m[KGripperInterface[m[K(const rclcpp::Node::SharedPtr& node)
      |   [01;36m[K^~~~~~~~~~~~~~~~[m[K
[01m[K/home/ayaa/Agro2/src/tiago_behavior_tree/src/pick_action.hpp:39:3:[m[K [01;36m[Knote: [m[K  candidate expects 1 argument, 0 provided
[01m[K/home/ayaa/Agro2/src/tiago_behavior_tree/src/pick_action.hpp:36:7:[m[K [01;36m[Knote: [m[Kcandidate: â€˜[01m[KGripperInterface::GripperInterface(const GripperInterface&)[m[Kâ€™
   36 | class [01;36m[KGripperInterface[m[K
      |       [01;36m[K^~~~~~~~~~~~~~~~[m[K
[01m[K/home/ayaa/Agro2/src/tiago_behavior_tree/src/pick_action.hpp:36:7:[m[K [01;36m[Knote: [m[K  candidate expects 1 argument, 0 provided
[01m[K/home/ayaa/Agro2/src/tiago_behavior_tree/src/pick_action.hpp:36:7:[m[K [01;36m[Knote: [m[Kcandidate: â€˜[01m[KGripperInterface::GripperInterface(GripperInterface&&)[m[Kâ€™
[01m[K/home/ayaa/Agro2/src/tiago_behavior_tree/src/pick_action.hpp:36:7:[m[K [01;36m[Knote: [m[K  candidate expects 1 argument, 0 provided
gmake[2]: *** [CMakeFiles/pick_action_node.dir/build.make:76: CMakeFiles/pick_action_node.dir/src/pick_action.cpp.o] Error 1
gmake[1]: *** [CMakeFiles/Makefile2:137: CMakeFiles/pick_action_node.dir/all] Error 2
gmake: *** [Makefile:146: all] Error 2
