[0.132s] Invoking command in '/home/ayaa/Agro2/build/tiago_behavior_tree': CMAKE_PREFIX_PATH=${CMAKE_PREFIX_PATH}:/home/ayaa/Agro2/install/trials:/home/ayaa/Agro2/install/tiago_custom:/home/ayaa/Agro2/install/my_nav2_bringup:/home/ayaa/Agro2/install/fer_gazebo:/home/ayaa/Agro2/install/custom_worlds:/opt/ros/humble /usr/bin/cmake --build /home/ayaa/Agro2/build/tiago_behavior_tree -- -j8 -l8
[0.208s] [35m[1mConsolidate compiler generated dependencies of target tiago_behavior_tree__rosidl_generator_c[0m
[0.242s] [  9%] Built target tiago_behavior_tree__rosidl_generator_c
[0.254s] [ 11%] Built target tiago_behavior_tree__cpp
[0.271s] [35m[1mConsolidate compiler generated dependencies of target tiago_behavior_tree__rosidl_typesupport_fastrtps_c[0m
[0.271s] [ 11%] Built target ament_cmake_python_copy_tiago_behavior_tree
[0.276s] [35m[1mConsolidate compiler generated dependencies of target tiago_behavior_tree__rosidl_typesupport_introspection_c[0m
[0.280s] [35m[1mConsolidate compiler generated dependencies of target tiago_behavior_tree__rosidl_typesupport_c[0m
[0.287s] [35m[1mConsolidate compiler generated dependencies of target tiago_behavior_tree__rosidl_typesupport_fastrtps_cpp[0m
[0.288s] [35m[1mConsolidate compiler generated dependencies of target tiago_behavior_tree__rosidl_typesupport_introspection_cpp[0m
[0.289s] [35m[1mConsolidate compiler generated dependencies of target tiago_behavior_tree__rosidl_typesupport_cpp[0m
[0.328s] [ 20%] Built target tiago_behavior_tree__rosidl_typesupport_fastrtps_c
[0.331s] [ 30%] Built target tiago_behavior_tree__rosidl_typesupport_introspection_c
[0.334s] [ 39%] Built target tiago_behavior_tree__rosidl_typesupport_c
[0.342s] [ 48%] Built target tiago_behavior_tree__rosidl_typesupport_fastrtps_cpp
[0.343s] [ 58%] Built target tiago_behavior_tree__rosidl_typesupport_cpp
[0.349s] [ 67%] Built target tiago_behavior_tree__rosidl_typesupport_introspection_cpp
[0.366s] [35m[1mConsolidate compiler generated dependencies of target open_gripper_server[0m
[0.373s] [35m[1mConsolidate compiler generated dependencies of target pick_action_node[0m
[0.390s] [ 67%] Built target tiago_behavior_tree
[0.404s] [ 72%] Built target open_gripper_server
[0.425s] [ 74%] [32mBuilding CXX object CMakeFiles/pick_action_node.dir/src/pick_action.cpp.o[0m
[0.433s] [ 76%] Built target tiago_behavior_tree__py
[0.453s] [35m[1mConsolidate compiler generated dependencies of target tiago_behavior_tree__rosidl_generator_py[0m
[0.477s] [ 83%] Built target tiago_behavior_tree__rosidl_generator_py
[0.496s] [35m[1mConsolidate compiler generated dependencies of target tiago_behavior_tree__rosidl_typesupport_fastrtps_c__pyext[0m
[0.500s] [35m[1mConsolidate compiler generated dependencies of target tiago_behavior_tree__rosidl_typesupport_c__pyext[0m
[0.511s] [35m[1mConsolidate compiler generated dependencies of target tiago_behavior_tree__rosidl_typesupport_introspection_c__pyext[0m
[0.528s] [ 88%] Built target tiago_behavior_tree__rosidl_typesupport_fastrtps_c__pyext
[0.538s] [ 93%] Built target tiago_behavior_tree__rosidl_typesupport_c__pyext
[0.541s] [ 97%] Built target tiago_behavior_tree__rosidl_typesupport_introspection_c__pyext
[1.110s] running egg_info
[1.147s] writing tiago_behavior_tree.egg-info/PKG-INFO
[1.148s] writing dependency_links to tiago_behavior_tree.egg-info/dependency_links.txt
[1.148s] writing top-level names to tiago_behavior_tree.egg-info/top_level.txt
[1.250s] reading manifest file 'tiago_behavior_tree.egg-info/SOURCES.txt'
[1.251s] writing manifest file 'tiago_behavior_tree.egg-info/SOURCES.txt'
[1.351s] [ 97%] Built target ament_cmake_python_build_tiago_behavior_tree_egg
[6.691s] [01m[K/home/ayaa/Agro2/src/tiago_behavior_tree/src/pick_action.cpp:80:99:[m[K [01;31m[Kerror: [m[K‚Äò[01m[KApproachObject[m[K‚Äô is not a member of ‚Äò[01m[Ktiago_behavior_tree::action[m[K‚Äô
[6.691s]    80 | v2_behavior_tree::BtActionNode<tiago_behavior_tree::action::[01;31m[KApproachObject[m[K>
[6.691s]       |                                                             [01;31m[K^~~~~~~~~~~~~~[m[K
[6.691s] 
[6.691s] [01m[K/home/ayaa/Agro2/src/tiago_behavior_tree/src/pick_action.cpp:80:113:[m[K [01;31m[Kerror: [m[Ktemplate argument 1 is invalid
[6.691s]    80 | ehavior_tree::BtActionNode<tiago_behavior_tree::action::ApproachObject[01;31m[K>[m[K
[6.691s]       |                                                                       [01;31m[K^[m[K
[6.691s] 
[6.691s] [01m[K/home/ayaa/Agro2/src/tiago_behavior_tree/src/pick_action.cpp:83:51:[m[K [01;31m[Kerror: [m[K‚Äò[01m[KApproachObject[m[K‚Äô in namespace ‚Äò[01m[Ktiago_behavior_tree::action[m[K‚Äô does not name a type
[6.691s]    83 |   using ActionType = tiago_behavior_tree::action::[01;31m[KApproachObject[m[K;
[6.691s]       |                                                   [01;31m[K^~~~~~~~~~~~~~[m[K
[6.691s] [01m[K/home/ayaa/Agro2/src/tiago_behavior_tree/src/pick_action.cpp:102:8:[m[K [01;31m[Kerror: [m[K‚Äò[01m[Kvoid nav2_behavior_tree::ApproachObjectAction::on_tick()[m[K‚Äô marked ‚Äò[01m[Koverride[m[K‚Äô, but does not override
[6.691s]   102 |   void [01;31m[Kon_tick[m[K() override
[6.691s]       |        [01;31m[K^~~~~~~[m[K
[6.691s] [01m[K/home/ayaa/Agro2/src/tiago_behavior_tree/src/pick_action.cpp:120:18:[m[K [01;31m[Kerror: [m[K‚Äò[01m[KBT::NodeStatus nav2_behavior_tree::ApproachObjectAction::on_success()[m[K‚Äô marked ‚Äò[01m[Koverride[m[K‚Äô, but does not override
[6.691s]   120 |   BT::NodeStatus [01;31m[Kon_success[m[K() override
[6.691s]       |                  [01;31m[K^~~~~~~~~~[m[K
[6.692s] [01m[K/home/ayaa/Agro2/src/tiago_behavior_tree/src/pick_action.cpp:126:18:[m[K [01;31m[Kerror: [m[K‚Äò[01m[KBT::NodeStatus nav2_behavior_tree::ApproachObjectAction::on_aborted()[m[K‚Äô marked ‚Äò[01m[Koverride[m[K‚Äô, but does not override
[6.692s]   126 |   BT::NodeStatus [01;31m[Kon_aborted[m[K() override
[6.692s]       |                  [01;31m[K^~~~~~~~~~[m[K
[6.692s] [01m[K/home/ayaa/Agro2/src/tiago_behavior_tree/src/pick_action.cpp:132:18:[m[K [01;31m[Kerror: [m[K‚Äò[01m[KBT::NodeStatus nav2_behavior_tree::ApproachObjectAction::on_cancelled()[m[K‚Äô marked ‚Äò[01m[Koverride[m[K‚Äô, but does not override
[6.692s]   132 |   BT::NodeStatus [01;31m[Kon_cancelled[m[K() override
[6.692s]       |                  [01;31m[K^~~~~~~~~~~~[m[K
[6.700s] [01m[K/home/ayaa/Agro2/src/tiago_behavior_tree/src/pick_action.cpp:[m[K In constructor ‚Äò[01m[Knav2_behavior_tree::ApproachObjectAction::ApproachObjectAction(const string&, const string&, const BT::NodeConfiguration&)[m[K‚Äô:
[6.700s] [01m[K/home/ayaa/Agro2/src/tiago_behavior_tree/src/pick_action.cpp:89:18:[m[K [01;31m[Kerror: [m[K‚Äò[01m[KActionType[m[K‚Äô was not declared in this scope
[6.700s]    89 |   : BtActionNode<[01;31m[KActionType[m[K>(xml_tag_name, action_name, conf)
[6.701s]       |                  [01;31m[K^~~~~~~~~~[m[K
[6.701s] [01m[K/home/ayaa/Agro2/src/tiago_behavior_tree/src/pick_action.cpp:89:28:[m[K [01;31m[Kerror: [m[Ktemplate argument 1 is invalid
[6.701s]    89 |   : BtActionNode<ActionType[01;31m[K>[m[K(xml_tag_name, action_name, conf)
[6.701s]       |                            [01;31m[K^[m[K
[6.701s] [01m[K/home/ayaa/Agro2/src/tiago_behavior_tree/src/pick_action.cpp:89:29:[m[K [01;31m[Kerror: [m[Kexpected ‚Äò[01m[K{[m[K‚Äô before ‚Äò[01m[K([m[K‚Äô token
[6.701s]    89 |   : BtActionNode<ActionType>[01;31m[K([m[Kxml_tag_name, action_name, conf)
[6.701s]       |                             [01;31m[K^[m[K
[6.701s] [01m[K/home/ayaa/Agro2/src/tiago_behavior_tree/src/pick_action.cpp:86:25:[m[K [01;35m[Kwarning: [m[Kunused parameter ‚Äò[01m[Kxml_tag_name[m[K‚Äô [[01;35m[K]8;;https://gcc.gnu.org/onlinedocs/gcc/Warning-Options.html#index-Wunused-parameter-Wunused-parameter]8;;[m[K]
[6.701s]    86 |     [01;35m[Kconst std::string & xml_tag_name[m[K,
[6.701s]       |     [01;35m[K~~~~~~~~~~~~~~~~~~~~^~~~~~~~~~~~[m[K
[6.702s] [01m[K/home/ayaa/Agro2/src/tiago_behavior_tree/src/pick_action.cpp:87:25:[m[K [01;35m[Kwarning: [m[Kunused parameter ‚Äò[01m[Kaction_name[m[K‚Äô [[01;35m[K]8;;https://gcc.gnu.org/onlinedocs/gcc/Warning-Options.html#index-Wunused-parameter-Wunused-parameter]8;;[m[K]
[6.702s]    87 |     [01;35m[Kconst std::string & action_name[m[K,
[6.702s]       |     [01;35m[K~~~~~~~~~~~~~~~~~~~~^~~~~~~~~~~[m[K
[6.702s] [01m[K/home/ayaa/Agro2/src/tiago_behavior_tree/src/pick_action.cpp:88:35:[m[K [01;35m[Kwarning: [m[Kunused parameter ‚Äò[01m[Kconf[m[K‚Äô [[01;35m[K]8;;https://gcc.gnu.org/onlinedocs/gcc/Warning-Options.html#index-Wunused-parameter-Wunused-parameter]8;;[m[K]
[6.702s]    88 |     [01;35m[Kconst BT::NodeConfiguration & conf[m[K)
[6.702s]       |     [01;35m[K~~~~~~~~~~~~~~~~~~~~~~~~~~~~~~^~~~[m[K
[6.716s] [01m[K/home/ayaa/Agro2/src/tiago_behavior_tree/src/pick_action.cpp:[m[K In static member function ‚Äò[01m[Kstatic BT::PortsList nav2_behavior_tree::ApproachObjectAction::providedPorts()[m[K‚Äô:
[6.716s] [01m[K/home/ayaa/Agro2/src/tiago_behavior_tree/src/pick_action.cpp:98:12:[m[K [01;31m[Kerror: [m[K‚Äò[01m[KprovidedBasicPorts[m[K‚Äô was not declared in this scope; did you mean ‚Äò[01m[KprovidedPorts[m[K‚Äô?
[6.716s]    98 |     return [01;31m[KprovidedBasicPorts[m[K({ BT::InputPort<geometry_msgs::msg::Pose>("target_pose") });
[6.716s]       |            [01;31m[K^~~~~~~~~~~~~~~~~~[m[K
[6.716s]       |            [32m[KprovidedPorts[m[K
[6.723s] [01m[K/home/ayaa/Agro2/src/tiago_behavior_tree/src/pick_action.cpp:[m[K In member function ‚Äò[01m[Kvoid nav2_behavior_tree::ApproachObjectAction::on_tick()[m[K‚Äô:
[6.723s] [01m[K/home/ayaa/Agro2/src/tiago_behavior_tree/src/pick_action.cpp:104:29:[m[K [01;31m[Kerror: [m[K‚Äò[01m[Kgoal_[m[K‚Äô was not declared in this scope
[6.723s]   104 |     getInput("target_pose", [01;31m[Kgoal_[m[K.pose);
[6.723s]       |                             [01;31m[K^~~~~[m[K
[6.730s] [01m[K/home/ayaa/Agro2/src/tiago_behavior_tree/src/pick_action.cpp:104:5:[m[K [01;31m[Kerror: [m[K‚Äò[01m[KgetInput[m[K‚Äô was not declared in this scope; did you mean ‚Äò[01m[Kgetpt[m[K‚Äô?
[6.730s]   104 |     [01;31m[KgetInput[m[K("target_pose", goal_.pose);
[6.730s]       |     [01;31m[K^~~~~~~~[m[K
[6.730s]       |     [32m[Kgetpt[m[K
[6.736s] In file included from [01m[K/opt/ros/humble/include/rclcpp/rclcpp/client.hpp:40[m[K,
[6.736s]                  from [01m[K/opt/ros/humble/include/rclcpp/rclcpp/callback_group.hpp:24[m[K,
[6.736s]                  from [01m[K/opt/ros/humble/include/rclcpp/rclcpp/any_executable.hpp:20[m[K,
[6.736s]                  from [01m[K/opt/ros/humble/include/rclcpp/rclcpp/memory_strategy.hpp:25[m[K,
[6.736s]                  from [01m[K/opt/ros/humble/include/rclcpp/rclcpp/memory_strategies.hpp:18[m[K,
[6.737s]                  from [01m[K/opt/ros/humble/include/rclcpp/rclcpp/executor_options.hpp:20[m[K,
[6.737s]                  from [01m[K/opt/ros/humble/include/rclcpp/rclcpp/executor.hpp:37[m[K,
[6.737s]                  from [01m[K/opt/ros/humble/include/rclcpp/rclcpp/executors/multi_threaded_executor.hpp:25[m[K,
[6.737s]                  from [01m[K/opt/ros/humble/include/rclcpp/rclcpp/executors.hpp:21[m[K,
[6.737s]                  from [01m[K/opt/ros/humble/include/rclcpp/rclcpp/rclcpp.hpp:155[m[K,
[6.737s]                  from [01m[K/home/ayaa/Agro2/src/tiago_behavior_tree/src/pick_action.cpp:4[m[K:
[6.737s] [01m[K/home/ayaa/Agro2/src/tiago_behavior_tree/src/pick_action.cpp:116:20:[m[K [01;31m[Kerror: [m[K‚Äò[01m[Knode_[m[K‚Äô was not declared in this scope; did you mean ‚Äò[01m[Kmode_t[m[K‚Äô?
[6.737s]   116 |       RCLCPP_ERROR([01;31m[Knode_[m[K->get_logger(), "Failed to plan arm motion to object.");
[6.737s]       |                    [01;31m[K^~~~~[m[K
[6.737s] [01m[K/home/ayaa/Agro2/src/tiago_behavior_tree/src/pick_action.cpp:116:7:[m[K [01;31m[Kerror: [m[Ktemplate argument 1 is invalid
[6.737s]   116 |       [01;31m[KRCLCPP_ERROR[m[K(node_->get_logger(), "Failed to plan arm motion to object.");
[6.737s]       |       [01;31m[K^~~~~~~~~~~~[m[K
[6.737s] [01m[K/home/ayaa/Agro2/src/tiago_behavior_tree/src/pick_action.cpp:116:7:[m[K [01;31m[Kerror: [m[Ktemplate argument 1 is invalid
[6.737s]   116 |       [01;31m[KRCLCPP_ERROR[m[K(node_->get_logger(), "Failed to plan arm motion to object.");
[6.737s]       |       [01;31m[K^~~~~~~~~~~~[m[K
[6.738s] [01m[K/home/ayaa/Agro2/src/tiago_behavior_tree/src/pick_action.cpp:116:7:[m[K [01;31m[Kerror: [m[Ktemplate argument 1 is invalid
[6.738s]   116 |       [01;31m[KRCLCPP_ERROR[m[K(node_->get_logger(), "Failed to plan arm motion to object.");
[6.738s]       |       [01;31m[K^~~~~~~~~~~~[m[K
[6.744s] [01m[K/home/ayaa/Agro2/src/tiago_behavior_tree/src/pick_action.cpp:[m[K In member function ‚Äò[01m[KBT::NodeStatus nav2_behavior_tree::ApproachObjectAction::on_success()[m[K‚Äô:
[6.744s] [01m[K/home/ayaa/Agro2/src/tiago_behavior_tree/src/pick_action.cpp:122:17:[m[K [01;31m[Kerror: [m[K‚Äò[01m[Knode_[m[K‚Äô was not declared in this scope; did you mean ‚Äò[01m[Kmode_t[m[K‚Äô?
[6.744s]   122 |     RCLCPP_INFO([01;31m[Knode_[m[K->get_logger(), "‚úÖ ApproachObject succeeded");
[6.744s]       |                 [01;31m[K^~~~~[m[K
[6.744s] [01m[K/home/ayaa/Agro2/src/tiago_behavior_tree/src/pick_action.cpp:122:5:[m[K [01;31m[Kerror: [m[Ktemplate argument 1 is invalid
[6.744s]   122 |     [01;31m[KRCLCPP_INFO[m[K(node_->get_logger(), "‚úÖ ApproachObject succeeded");
[6.744s]       |     [01;31m[K^~~~~~~~~~~[m[K
[6.745s] [01m[K/home/ayaa/Agro2/src/tiago_behavior_tree/src/pick_action.cpp:122:5:[m[K [01;31m[Kerror: [m[Ktemplate argument 1 is invalid
[6.745s]   122 |     [01;31m[KRCLCPP_INFO[m[K(node_->get_logger(), "‚úÖ ApproachObject succeeded");
[6.745s]       |     [01;31m[K^~~~~~~~~~~[m[K
[6.745s] [01m[K/home/ayaa/Agro2/src/tiago_behavior_tree/src/pick_action.cpp:122:5:[m[K [01;31m[Kerror: [m[Ktemplate argument 1 is invalid
[6.745s]   122 |     [01;31m[KRCLCPP_INFO[m[K(node_->get_logger(), "‚úÖ ApproachObject succeeded");
[6.745s]       |     [01;31m[K^~~~~~~~~~~[m[K
[6.750s] [01m[K/home/ayaa/Agro2/src/tiago_behavior_tree/src/pick_action.cpp:[m[K In member function ‚Äò[01m[KBT::NodeStatus nav2_behavior_tree::ApproachObjectAction::on_aborted()[m[K‚Äô:
[6.750s] [01m[K/home/ayaa/Agro2/src/tiago_behavior_tree/src/pick_action.cpp:128:18:[m[K [01;31m[Kerror: [m[K‚Äò[01m[Knode_[m[K‚Äô was not declared in this scope; did you mean ‚Äò[01m[Kmode_t[m[K‚Äô?
[6.750s]   128 |     RCLCPP_ERROR([01;31m[Knode_[m[K->get_logger(), "‚ùå ApproachObject aborted");
[6.750s]       |                  [01;31m[K^~~~~[m[K
[6.750s] [01m[K/home/ayaa/Agro2/src/tiago_behavior_tree/src/pick_action.cpp:128:5:[m[K [01;31m[Kerror: [m[Ktemplate argument 1 is invalid
[6.750s]   128 |     [01;31m[KRCLCPP_ERROR[m[K(node_->get_logger(), "‚ùå ApproachObject aborted");
[6.751s]       |     [01;31m[K^~~~~~~~~~~~[m[K
[6.751s] [01m[K/home/ayaa/Agro2/src/tiago_behavior_tree/src/pick_action.cpp:128:5:[m[K [01;31m[Kerror: [m[Ktemplate argument 1 is invalid
[6.751s]   128 |     [01;31m[KRCLCPP_ERROR[m[K(node_->get_logger(), "‚ùå ApproachObject aborted");
[6.751s]       |     [01;31m[K^~~~~~~~~~~~[m[K
[6.751s] [01m[K/home/ayaa/Agro2/src/tiago_behavior_tree/src/pick_action.cpp:128:5:[m[K [01;31m[Kerror: [m[Ktemplate argument 1 is invalid
[6.751s]   128 |     [01;31m[KRCLCPP_ERROR[m[K(node_->get_logger(), "‚ùå ApproachObject aborted");
[6.751s]       |     [01;31m[K^~~~~~~~~~~~[m[K
[6.758s] [01m[K/home/ayaa/Agro2/src/tiago_behavior_tree/src/pick_action.cpp:[m[K In member function ‚Äò[01m[KBT::NodeStatus nav2_behavior_tree::ApproachObjectAction::on_cancelled()[m[K‚Äô:
[6.758s] [01m[K/home/ayaa/Agro2/src/tiago_behavior_tree/src/pick_action.cpp:134:17:[m[K [01;31m[Kerror: [m[K‚Äò[01m[Knode_[m[K‚Äô was not declared in this scope; did you mean ‚Äò[01m[Kmode_t[m[K‚Äô?
[6.758s]   134 |     RCLCPP_WARN([01;31m[Knode_[m[K->get_logger(), "‚ö†Ô∏è ApproachObject cancelled");
[6.758s]       |                 [01;31m[K^~~~~[m[K
[6.759s] [01m[K/home/ayaa/Agro2/src/tiago_behavior_tree/src/pick_action.cpp:134:5:[m[K [01;31m[Kerror: [m[Ktemplate argument 1 is invalid
[6.759s]   134 |     [01;31m[KRCLCPP_WARN[m[K(node_->get_logger(), "‚ö†Ô∏è ApproachObject cancelled");
[6.759s]       |     [01;31m[K^~~~~~~~~~~[m[K
[6.759s] [01m[K/home/ayaa/Agro2/src/tiago_behavior_tree/src/pick_action.cpp:134:5:[m[K [01;31m[Kerror: [m[Ktemplate argument 1 is invalid
[6.759s]   134 |     [01;31m[KRCLCPP_WARN[m[K(node_->get_logger(), "‚ö†Ô∏è ApproachObject cancelled");
[6.759s]       |     [01;31m[K^~~~~~~~~~~[m[K
[6.759s] [01m[K/home/ayaa/Agro2/src/tiago_behavior_tree/src/pick_action.cpp:134:5:[m[K [01;31m[Kerror: [m[Ktemplate argument 1 is invalid
[6.759s]   134 |     [01;31m[KRCLCPP_WARN[m[K(node_->get_logger(), "‚ö†Ô∏è ApproachObject cancelled");
[6.759s]       |     [01;31m[K^~~~~~~~~~~[m[K
[9.936s] gmake[2]: *** [CMakeFiles/pick_action_node.dir/build.make:76: CMakeFiles/pick_action_node.dir/src/pick_action.cpp.o] Error 1
[9.936s] gmake[1]: *** [CMakeFiles/Makefile2:595: CMakeFiles/pick_action_node.dir/all] Error 2
[9.936s] gmake: *** [Makefile:146: all] Error 2
[9.939s] Invoked command in '/home/ayaa/Agro2/build/tiago_behavior_tree' returned '2': CMAKE_PREFIX_PATH=${CMAKE_PREFIX_PATH}:/home/ayaa/Agro2/install/trials:/home/ayaa/Agro2/install/tiago_custom:/home/ayaa/Agro2/install/my_nav2_bringup:/home/ayaa/Agro2/install/fer_gazebo:/home/ayaa/Agro2/install/custom_worlds:/opt/ros/humble /usr/bin/cmake --build /home/ayaa/Agro2/build/tiago_behavior_tree -- -j8 -l8
