[35m[1mConsolidate compiler generated dependencies of target pick_action_node[0m
[ 50%] [32mBuilding CXX object CMakeFiles/pick_action_node.dir/src/pick_action.cpp.o[0m
In file included from [01m[K/home/ayaa/Agro2/src/tiago_behavior_tree/src/pick_action.cpp:2[m[K:
[01m[K/home/ayaa/Agro2/src/tiago_behavior_tree/src/pick_action.hpp:10:1:[m[K [01;31m[Kerror: [m[Kexpected unqualified-id before â€˜[01m[K{[m[Kâ€™ token
   10 | [01;31m[K{[m[K
      | [01;31m[K^[m[K
[01m[K/home/ayaa/Agro2/src/tiago_behavior_tree/src/pick_action.cpp:9:1:[m[K [01;31m[Kerror: [m[Kâ€˜[01m[KPickObject[m[Kâ€™ does not name a type
    9 | [01;31m[KPickObject[m[K::PickObject(const std::string& name) : ActionNode(name)
      | [01;31m[K^~~~~~~~~~[m[K
[01m[K/home/ayaa/Agro2/src/tiago_behavior_tree/src/pick_action.cpp:16:1:[m[K [01;31m[Kerror: [m[Kâ€˜[01m[KPickObject[m[Kâ€™ does not name a type
   16 | [01;31m[KPickObject[m[K::~PickObject()
      | [01;31m[K^~~~~~~~~~[m[K
[01m[K/home/ayaa/Agro2/src/tiago_behavior_tree/src/pick_action.cpp:21:1:[m[K [01;31m[Kerror: [m[Kâ€˜[01m[Kbt[m[Kâ€™ does not name a type
   21 | [01;31m[Kbt[m[K::NodeStatus PickObject::tick()
      | [01;31m[K^~[m[K
[01m[K/home/ayaa/Agro2/src/tiago_behavior_tree/src/pick_action.cpp:36:6:[m[K [01;31m[Kerror: [m[Kâ€˜[01m[KPickObject[m[Kâ€™ has not been declared
   36 | bool [01;31m[KPickObject[m[K::pick_object()
      |      [01;31m[K^~~~~~~~~~[m[K
In file included from [01m[K/opt/ros/humble/include/rclcpp/rclcpp/client.hpp:40[m[K,
                 from [01m[K/opt/ros/humble/include/rclcpp/rclcpp/callback_group.hpp:24[m[K,
                 from [01m[K/opt/ros/humble/include/rclcpp/rclcpp/any_executable.hpp:20[m[K,
                 from [01m[K/opt/ros/humble/include/rclcpp/rclcpp/memory_strategy.hpp:25[m[K,
                 from [01m[K/opt/ros/humble/include/rclcpp/rclcpp/memory_strategies.hpp:18[m[K,
                 from [01m[K/opt/ros/humble/include/rclcpp/rclcpp/executor_options.hpp:20[m[K,
                 from [01m[K/opt/ros/humble/include/rclcpp/rclcpp/executor.hpp:37[m[K,
                 from [01m[K/opt/ros/humble/include/rclcpp/rclcpp/executors/multi_threaded_executor.hpp:25[m[K,
                 from [01m[K/opt/ros/humble/include/rclcpp/rclcpp/executors.hpp:21[m[K,
                 from [01m[K/opt/ros/humble/include/rclcpp/rclcpp/rclcpp.hpp:155[m[K,
                 from [01m[K/home/ayaa/Agro2/src/tiago_behavior_tree/src/pick_action.hpp:7[m[K,
                 from [01m[K/home/ayaa/Agro2/src/tiago_behavior_tree/src/pick_action.cpp:2[m[K:
[01m[K/home/ayaa/Agro2/src/tiago_behavior_tree/src/pick_action.cpp:[m[K In function â€˜[01m[Kbool pick_object()[m[Kâ€™:
[01m[K/home/ayaa/Agro2/src/tiago_behavior_tree/src/pick_action.cpp:39:17:[m[K [01;31m[Kerror: [m[Kâ€˜[01m[Knode_[m[Kâ€™ was not declared in this scope; did you mean â€˜[01m[Kmode_t[m[Kâ€™?
   39 |     RCLCPP_INFO([01;31m[Knode_[m[K->get_logger(), "Picking the object...");
      |                 [01;31m[K^~~~~[m[K
[01m[K/home/ayaa/Agro2/src/tiago_behavior_tree/src/pick_action.cpp:39:5:[m[K [01;31m[Kerror: [m[Ktemplate argument 1 is invalid
   39 |     [01;31m[KRCLCPP_INFO[m[K(node_->get_logger(), "Picking the object...");
      |     [01;31m[K^~~~~~~~~~~[m[K
[01m[K/home/ayaa/Agro2/src/tiago_behavior_tree/src/pick_action.cpp:39:5:[m[K [01;31m[Kerror: [m[Ktemplate argument 1 is invalid
   39 |     [01;31m[KRCLCPP_INFO[m[K(node_->get_logger(), "Picking the object...");
      |     [01;31m[K^~~~~~~~~~~[m[K
[01m[K/home/ayaa/Agro2/src/tiago_behavior_tree/src/pick_action.cpp:39:5:[m[K [01;31m[Kerror: [m[Ktemplate argument 1 is invalid
   39 |     [01;31m[KRCLCPP_INFO[m[K(node_->get_logger(), "Picking the object...");
      |     [01;31m[K^~~~~~~~~~~[m[K
[01m[K/home/ayaa/Agro2/src/tiago_behavior_tree/src/pick_action.cpp:42:38:[m[K [01;31m[Kerror: [m[Kâ€˜[01m[Knode[m[Kâ€™ was not declared in this scope
   42 | GroupInterface gripper_group([01;31m[Knode[m[K, "gripper");
      |                              [01;31m[K^~~~[m[K

[01m[K/home/ayaa/Agro2/src/tiago_behavior_tree/src/pick_action.cpp:46:38:[m[K [01;31m[Kerror: [m[Kcannot convert â€˜[01m[Kmoveit::core::MoveItErrorCode[m[Kâ€™ to â€˜[01m[Kbool[m[Kâ€™ in initialization
   46 |     bool success = [01;31m[Kgripper_group.move()[m[K;
      |                    [01;31m[K~~~~~~~~~~~~~~~~~~^~[m[K
      |                                      [01;31m[K|[m[K
      |                                      [01;31m[Kmoveit::core::MoveItErrorCode[m[K
[01m[K/home/ayaa/Agro2/src/tiago_behavior_tree/src/pick_action.cpp:46:10:[m[K [01;35m[Kwarning: [m[Kunused variable â€˜[01m[Ksuccess[m[Kâ€™ [[01;35m[K]8;;https://gcc.gnu.org/onlinedocs/gcc/Warning-Options.html#index-Wunused-variable-Wunused-variable]8;;[m[K]
   46 |     bool [01;35m[Ksuccess[m[K = gripper_group.move();
      |          [01;35m[K^~~~~~~[m[K
gmake[2]: *** [CMakeFiles/pick_action_node.dir/build.make:76: CMakeFiles/pick_action_node.dir/src/pick_action.cpp.o] Error 1
gmake[1]: *** [CMakeFiles/Makefile2:137: CMakeFiles/pick_action_node.dir/all] Error 2
gmake: *** [Makefile:146: all] Error 2
