[35m[1mConsolidate compiler generated dependencies of target pick_action_node[0m
[ 50%] [32mBuilding CXX object CMakeFiles/pick_action_node.dir/src/pick_action.cpp.o[0m
In file included from [01m[K/home/ayaa/Agro2/src/tiago_behavior_tree/src/pick_action.cpp:2[m[K:
[01m[K/home/ayaa/Agro2/src/tiago_behavior_tree/src/pick_action.hpp:11:27:[m[K [01;31m[Kerror: [m[Kâ€˜[01m[Kbt[m[Kâ€™ has not been declared
   11 | class PickObject : public [01;31m[Kbt[m[K::ActionNode
      |                           [01;31m[K^~[m[K
[01m[K/home/ayaa/Agro2/src/tiago_behavior_tree/src/pick_action.hpp:11:31:[m[K [01;31m[Kerror: [m[Kexpected â€˜[01m[K{[m[Kâ€™ before â€˜[01m[KActionNode[m[Kâ€™
   11 | class PickObject : public bt::[01;31m[KActionNode[m[K
      |                               [01;31m[K^~~~~~~~~~[m[K
[01m[K/home/ayaa/Agro2/src/tiago_behavior_tree/src/pick_action.hpp:13:1:[m[K [01;31m[Kerror: [m[Kexpected primary-expression before â€˜[01m[Kpublic[m[Kâ€™
   13 | [01;31m[Kpublic[m[K:
      | [01;31m[K^~~~~~[m[K
[01m[K/home/ayaa/Agro2/src/tiago_behavior_tree/src/pick_action.hpp:13:1:[m[K [01;31m[Kerror: [m[Kexpected â€˜[01m[K}[m[Kâ€™ before â€˜[01m[Kpublic[m[Kâ€™
[01m[K/home/ayaa/Agro2/src/tiago_behavior_tree/src/pick_action.hpp:12:1:[m[K [01;36m[Knote: [m[Kto match this â€˜[01m[K{[m[Kâ€™
   12 | [01;36m[K{[m[K
      | [01;36m[K^[m[K
[01m[K/home/ayaa/Agro2/src/tiago_behavior_tree/src/pick_action.hpp:15:13:[m[K [01;31m[Kerror: [m[Kdeclaration of â€˜[01m[K~ PickObject[m[Kâ€™ as non-member
   15 |     virtual [01;31m[K~PickObject[m[K();
      |             [01;31m[K^~~~~~~~~~~[m[K
[01m[K/home/ayaa/Agro2/src/tiago_behavior_tree/src/pick_action.hpp:18:5:[m[K [01;31m[Kerror: [m[Kâ€˜[01m[Kbt[m[Kâ€™ does not name a type
   18 |     [01;31m[Kbt[m[K::NodeStatus tick() override;
      |     [01;31m[K^~[m[K
[01m[K/home/ayaa/Agro2/src/tiago_behavior_tree/src/pick_action.hpp:20:1:[m[K [01;31m[Kerror: [m[Kexpected unqualified-id before â€˜[01m[Kprivate[m[Kâ€™
   20 | [01;31m[Kprivate[m[K:
      | [01;31m[K^~~~~~~[m[K
[01m[K/home/ayaa/Agro2/src/tiago_behavior_tree/src/pick_action.hpp:27:1:[m[K [01;31m[Kerror: [m[Kexpected declaration before â€˜[01m[K}[m[Kâ€™ token
   27 | [01;31m[K}[m[K;
      | [01;31m[K^[m[K
[01m[K/home/ayaa/Agro2/src/tiago_behavior_tree/src/pick_action.cpp:9:47:[m[K [01;31m[Kerror: [m[Kinvalid use of incomplete type â€˜[01m[Kclass PickObject[m[Kâ€™
    9 | bject(const std::string& name[01;31m[K)[m[K : ActionNode(name)
      |                              [01;31m[K^[m[K

In file included from [01m[K/home/ayaa/Agro2/src/tiago_behavior_tree/src/pick_action.cpp:2[m[K:
[01m[K/home/ayaa/Agro2/src/tiago_behavior_tree/src/pick_action.hpp:11:7:[m[K [01;36m[Knote: [m[Kforward declaration of â€˜[01m[Kclass PickObject[m[Kâ€™
   11 | class [01;36m[KPickObject[m[K : public bt::ActionNode
      |       [01;36m[K^~~~~~~~~~[m[K
[01m[K/home/ayaa/Agro2/src/tiago_behavior_tree/src/pick_action.cpp:16:25:[m[K [01;31m[Kerror: [m[Kinvalid use of incomplete type â€˜[01m[Kclass PickObject[m[Kâ€™
   16 | PickObject::~PickObject([01;31m[K)[m[K
      |                         [01;31m[K^[m[K
In file included from [01m[K/home/ayaa/Agro2/src/tiago_behavior_tree/src/pick_action.cpp:2[m[K:
[01m[K/home/ayaa/Agro2/src/tiago_behavior_tree/src/pick_action.hpp:11:7:[m[K [01;36m[Knote: [m[Kforward declaration of â€˜[01m[Kclass PickObject[m[Kâ€™
   11 | class [01;36m[KPickObject[m[K : public bt::ActionNode
      |       [01;36m[K^~~~~~~~~~[m[K
[01m[K/home/ayaa/Agro2/src/tiago_behavior_tree/src/pick_action.cpp:21:1:[m[K [01;31m[Kerror: [m[Kâ€˜[01m[Kbt[m[Kâ€™ does not name a type
   21 | [01;31m[Kbt[m[K::NodeStatus PickObject::tick()
      | [01;31m[K^~[m[K
[01m[K/home/ayaa/Agro2/src/tiago_behavior_tree/src/pick_action.cpp:36:30:[m[K [01;31m[Kerror: [m[Kinvalid use of incomplete type â€˜[01m[Kclass PickObject[m[Kâ€™
   36 | bool PickObject::pick_object([01;31m[K)[m[K
      |                              [01;31m[K^[m[K
In file included from [01m[K/home/ayaa/Agro2/src/tiago_behavior_tree/src/pick_action.cpp:2[m[K:
[01m[K/home/ayaa/Agro2/src/tiago_behavior_tree/src/pick_action.hpp:11:7:[m[K [01;36m[Knote: [m[Kforward declaration of â€˜[01m[Kclass PickObject[m[Kâ€™
   11 | class [01;36m[KPickObject[m[K : public bt::ActionNode
      |       [01;36m[K^~~~~~~~~~[m[K
gmake[2]: *** [CMakeFiles/pick_action_node.dir/build.make:76: CMakeFiles/pick_action_node.dir/src/pick_action.cpp.o] Error 1
gmake[1]: *** [CMakeFiles/Makefile2:137: CMakeFiles/pick_action_node.dir/all] Error 2
gmake: *** [Makefile:146: all] Error 2
